2019-12-23 10:18:03 +0000 [MT] Initial pipeline context: <IDEDistributionProcessingPipelineContext: 0x7fa5adcb4b40; archive(resolved)='<IDEArchive: 0x7fa5ddef9170>', distributionTask(resolved)='2', distributionDestination(resolved)='1', distributionMethod(resolved)='<IDEDistributionMethodDevelopmentSigned: 0x7fa5cdc92d40>', team(resolved)='<IDEProvisioningBasicTeam: 0x7fa5adc6b610; teamID='S98AN9584M', teamName='Tran Thanh Phong'>'>
	Chain (12, self inclusive):
	<IDEDistributionProcessingPipelineContext: 0x7fa5adcb4b40; archive = '<IDEArchive: 0x7fa5ddef9170>', distributionMethod='<IDEDistributionMethodDevelopmentSigned: 0x7fa5cdc92d40>', team='<IDEProvisioningBasicTeam: 0x7fa5adc6b610; teamID='S98AN9584M', teamName='Tran Thanh Phong'>'>
	<IDEDistributionProcessingPipelineContext: 0x7fa5adcb81f0; archive = '<IDEArchive: 0x7fa5ddef9170>', distributionMethod='<IDEDistributionMethodDevelopmentSigned: 0x7fa5cdc92d40>', team='<IDEProvisioningBasicTeam: 0x7fa5adc6b610; teamID='S98AN9584M', teamName='Tran Thanh Phong'>'>
	<IDEDistributionContext: 0x7fa5adcad1a0; archive = '<IDEArchive: 0x7fa5ddef9170>', distributionMethod='<IDEDistributionMethodDevelopmentSigned: 0x7fa5cdc92d40>', team='<IDEProvisioningBasicTeam: 0x7fa5adc6b610; teamID='S98AN9584M', teamName='Tran Thanh Phong'>'>
	<IDEDistributionContext: 0x7fa5adca32f0; archive = '<IDEArchive: 0x7fa5ddef9170>', distributionMethod='<IDEDistributionMethodDevelopmentSigned: 0x7fa5cdc92d40>', team='<IDEProvisioningBasicTeam: 0x7fa5adc6b610; teamID='S98AN9584M', teamName='Tran Thanh Phong'>'>
	<IDEDistributionContext: 0x7fa5adca1920; archive = '<IDEArchive: 0x7fa5ddef9170>', distributionMethod='<IDEDistributionMethodDevelopmentSigned: 0x7fa5cdc92d40>', team='<IDEProvisioningBasicTeam: 0x7fa5adc6b610; teamID='S98AN9584M', teamName='Tran Thanh Phong'>'>
	<IDEDistributionContext: 0x7fa5adc9fdd0; archive = '<IDEArchive: 0x7fa5ddef9170>', distributionMethod='<IDEDistributionMethodDevelopmentSigned: 0x7fa5cdc92d40>', team='<IDEProvisioningBasicTeam: 0x7fa5adc6b610; teamID='S98AN9584M', teamName='Tran Thanh Phong'>'>
	<IDEDistributionContext: 0x7fa5adc9c790; archive = '<IDEArchive: 0x7fa5ddef9170>', distributionMethod='<IDEDistributionMethodDevelopmentSigned: 0x7fa5cdc92d40>', team='<IDEProvisioningBasicTeam: 0x7fa5adc6b610; teamID='S98AN9584M', teamName='Tran Thanh Phong'>'>
	<IDEDistributionContext: 0x7fa5adc9b8e0; archive = '<IDEArchive: 0x7fa5ddef9170>', distributionMethod='<IDEDistributionMethodDevelopmentSigned: 0x7fa5cdc92d40>', team='<IDEProvisioningBasicTeam: 0x7fa5adc6b610; teamID='S98AN9584M', teamName='Tran Thanh Phong'>'>
	<IDEDistributionContext: 0x7fa60dc08fd0; archive = '<IDEArchive: 0x7fa5ddef9170>', distributionMethod='<IDEDistributionMethodDevelopmentSigned: 0x7fa5cdc92d40>', team='<IDEProvisioningBasicTeam: 0x7fa5adc6b610; teamID='S98AN9584M', teamName='Tran Thanh Phong'>'>
	<IDEDistributionContext: 0x7fa5bde090a0; archive = '<IDEArchive: 0x7fa5ddef9170>', distributionMethod='<IDEDistributionMethodDevelopmentSigned: 0x7fa5cdc92d40>', team='(null)'>
	<IDEDistributionContext: 0x7fa5bdcdcb30; archive = '<IDEArchive: 0x7fa5ddef9170>', distributionMethod='<IDEDistributionMethodDevelopmentSigned: 0x7fa5cdc92d40>', team='(null)'>
	<IDEDistributionContext: 0x7fa5ddef9620; archive = '<IDEArchive: 0x7fa5ddef9170>', distributionMethod='(null)', team='(null)'>
</IDEDistributionProcessingPipelineContext: 0x7fa5adcb4b40>
2019-12-23 10:18:03 +0000 [MT] Processing step: IDEDistributionCreateDestRootStep
2019-12-23 10:18:03 +0000 [MT] Processing step: IDEDistributionCopyItemStep
2019-12-23 10:18:03 +0000 [MT] Running /usr/bin/ditto '-V' '/Volumes/CodeSpace/tutorials/apple-signin-project/platforms/ios/build/Debug-iphoneos/applesigninproject.xcarchive/Products/Applications/applesigninproject.app' '/var/folders/g5/rm3vdk3n42x6pd5zrkcg9bf40000gn/T/XcodeDistPipeline.~~~Uqhn9H/Root/Payload/applesigninproject.app'
2019-12-23 10:18:03 +0000  >>> Copying /Volumes/CodeSpace/tutorials/apple-signin-project/platforms/ios/build/Debug-iphoneos/applesigninproject.xcarchive/Products/Applications/applesigninproject.app 
2019-12-23 10:18:03 +0000  copying file ./_CodeSignature/CodeResources ... 
2019-12-23 10:18:03 +0000  57462 bytes for ./_CodeSignature/CodeResources
2019-12-23 10:18:03 +0000  copying file ./LaunchImage-1100-Portrait-2436h@3x.png ... 
2019-12-23 10:18:03 +0000  176595 bytes for ./LaunchImage-1100-Portrait-2436h@3x.png
copying file ./LaunchImage@2x.png ... 
2019-12-23 10:18:03 +0000  73597 bytes for ./LaunchImage@2x.png
2019-12-23 10:18:03 +0000  copying file ./en.lproj/InfoPlist.strings ... 
2019-12-23 10:18:03 +0000  42 bytes for ./en.lproj/InfoPlist.strings
2019-12-23 10:18:03 +0000  copying file ./nsld.sh ... 
2019-12-23 10:18:03 +0000  1571 bytes for ./nsld.sh
2019-12-23 10:18:03 +0000  copying file ./app/runtime.js ... 
2019-12-23 10:18:03 +0000  73409 bytes for ./app/runtime.js
copying file ./app/bundle.js ... 
2019-12-23 10:18:03 +0000  362582 bytes for ./app/bundle.js
copying file ./app/vendor.js ... 
2019-12-23 10:18:03 +0000  16090696 bytes for ./app/vendor.js
2019-12-23 10:18:03 +0000  copying file ./app/package.json ... 
112 bytes for ./app/package.json
2019-12-23 10:18:03 +0000  copying file ./app/tns_modules/tns-core-modules/inspector_modules.js ... 
2019-12-23 10:18:03 +0000  698 bytes for ./app/tns_modules/tns-core-modules/inspector_modules.js
2019-12-23 10:18:03 +0000  copying file ./AppIcon29x29.png ... 
2019-12-23 10:18:03 +0000  1753 bytes for ./AppIcon29x29.png
copying file ./build.xcconfig ... 
2019-12-23 10:18:03 +0000  616 bytes for ./build.xcconfig
2019-12-23 10:18:03 +0000  copying file ./LaunchImage-568h@2x.png ... 
2019-12-23 10:18:03 +0000  74192 bytes for ./LaunchImage-568h@2x.png
copying file ./AppIcon60x60@2x.png ... 
2019-12-23 10:18:03 +0000  14039 bytes for ./AppIcon60x60@2x.png
copying file ./AppIcon29x29@2x.png ... 
2019-12-23 10:18:03 +0000  4772 bytes for ./AppIcon29x29@2x.png
2019-12-23 10:18:03 +0000  copying file ./LaunchImage-1100-Landscape-2436h@3x.png ... 
2019-12-23 10:18:03 +0000  189896 bytes for ./LaunchImage-1100-Landscape-2436h@3x.png
copying file ./LaunchImage-800-667h@2x.png ... 
2019-12-23 10:18:03 +0000  132911 bytes for ./LaunchImage-800-667h@2x.png
copying file ./LaunchImage-Portrait@2x~ipad.png ... 
2019-12-23 10:18:03 +0000  224640 bytes for ./LaunchImage-Portrait@2x~ipad.png
2019-12-23 10:18:03 +0000  copying file ./AppIcon40x40@3x.png ... 
2019-12-23 10:18:03 +0000  14039 bytes for ./AppIcon40x40@3x.png
2019-12-23 10:18:03 +0000  copying file ./AppIcon29x29~ipad.png ... 
2019-12-23 10:18:03 +0000  1753 bytes for ./AppIcon29x29~ipad.png
2019-12-23 10:18:03 +0000  copying file ./AppIcon40x40@2x.png ... 
2019-12-23 10:18:03 +0000  7638 bytes for ./AppIcon40x40@2x.png
2019-12-23 10:18:03 +0000  copying file ./LaunchImage-Portrait~ipad.png ... 
2019-12-23 10:18:03 +0000  73522 bytes for ./LaunchImage-Portrait~ipad.png
2019-12-23 10:18:03 +0000  copying file ./AppIcon29x29@3x.png ... 
2019-12-23 10:18:03 +0000  9019 bytes for ./AppIcon29x29@3x.png
2019-12-23 10:18:03 +0000  copying file ./AppIcon60x60@3x.png ... 
2019-12-23 10:18:03 +0000  28921 bytes for ./AppIcon60x60@3x.png
2019-12-23 10:18:03 +0000  copying file ./LaunchImage-Landscape~ipad.png ... 
2019-12-23 10:18:03 +0000  74959 bytes for ./LaunchImage-Landscape~ipad.png
copying file ./nativescript-pre-link ... 
2019-12-23 10:18:03 +0000  26 bytes for ./nativescript-pre-link
copying file ./LaunchImage-700-Portrait~ipad.png ... 
2019-12-23 10:18:03 +0000  73522 bytes for ./LaunchImage-700-Portrait~ipad.png
copying file ./Assets.car ... 
2019-12-23 10:18:03 +0000  961056 bytes for ./Assets.car
copying file ./AppIcon40x40@2x~ipad.png ... 
2019-12-23 10:18:03 +0000  7638 bytes for ./AppIcon40x40@2x~ipad.png
copying file ./AppIcon76x76@2x~ipad.png ... 
2019-12-23 10:18:03 +0000  20667 bytes for ./AppIcon76x76@2x~ipad.png
2019-12-23 10:18:03 +0000  copying file ./LaunchImage-800-Portrait-736h@3x.png ... 
2019-12-23 10:18:03 +0000  222160 bytes for ./LaunchImage-800-Portrait-736h@3x.png
2019-12-23 10:18:03 +0000  copying file ./nativescript-pre-build ... 
2019-12-23 10:18:03 +0000  203 bytes for ./nativescript-pre-build
copying file ./nativescript-post-build ... 
2019-12-23 10:18:03 +0000  421 bytes for ./nativescript-post-build
copying file ./LaunchImage-700@2x.png ... 
2019-12-23 10:18:03 +0000  73597 bytes for ./LaunchImage-700@2x.png
2019-12-23 10:18:03 +0000  copying file ./AppIcon83.5x83.5@2x~ipad.png ... 
2019-12-23 10:18:03 +0000  25084 bytes for ./AppIcon83.5x83.5@2x~ipad.png
copying file ./LaunchImage-700-568h@2x.png ... 
2019-12-23 10:18:03 +0000  74192 bytes for ./LaunchImage-700-568h@2x.png
copying file ./LaunchImage-Landscape@2x~ipad.png ... 
2019-12-23 10:18:03 +0000  236206 bytes for ./LaunchImage-Landscape@2x~ipad.png
2019-12-23 10:18:03 +0000  copying file ./LaunchScreen.storyboardc/01J-lp-oVM-view-Ze5-6b-2t3.nib/objects-13.0+.nib ... 
2019-12-23 10:18:03 +0000  2656 bytes for ./LaunchScreen.storyboardc/01J-lp-oVM-view-Ze5-6b-2t3.nib/objects-13.0+.nib
copying file ./LaunchScreen.storyboardc/01J-lp-oVM-view-Ze5-6b-2t3.nib/runtime.nib ... 
2019-12-23 10:18:03 +0000  2656 bytes for ./LaunchScreen.storyboardc/01J-lp-oVM-view-Ze5-6b-2t3.nib/runtime.nib
2019-12-23 10:18:03 +0000  copying file ./LaunchScreen.storyboardc/UIViewController-01J-lp-oVM.nib/objects-13.0+.nib ... 
2019-12-23 10:18:03 +0000  896 bytes for ./LaunchScreen.storyboardc/UIViewController-01J-lp-oVM.nib/objects-13.0+.nib
copying file ./LaunchScreen.storyboardc/UIViewController-01J-lp-oVM.nib/runtime.nib ... 
2019-12-23 10:18:03 +0000  896 bytes for ./LaunchScreen.storyboardc/UIViewController-01J-lp-oVM.nib/runtime.nib
2019-12-23 10:18:03 +0000  copying file ./LaunchScreen.storyboardc/Info.plist ... 
2019-12-23 10:18:03 +0000  258 bytes for ./LaunchScreen.storyboardc/Info.plist
2019-12-23 10:18:03 +0000  copying file ./applesigninproject.entitlements ... 
2019-12-23 10:18:03 +0000  91 bytes for ./applesigninproject.entitlements
2019-12-23 10:18:03 +0000  copying file ./AppIcon29x29@2x~ipad.png ... 
2019-12-23 10:18:03 +0000  4772 bytes for ./AppIcon29x29@2x~ipad.png
2019-12-23 10:18:03 +0000  copying file ./LaunchImage-700-Landscape@2x~ipad.png ... 
2019-12-23 10:18:03 +0000  236206 bytes for ./LaunchImage-700-Landscape@2x~ipad.png
copying file ./AppIcon40x40~ipad.png ... 
2019-12-23 10:18:03 +0000  2689 bytes for ./AppIcon40x40~ipad.png
2019-12-23 10:18:03 +0000  copying file ./Frameworks/NativeScript.framework/_CodeSignature/CodeResources ... 
2019-12-23 10:18:03 +0000  1798 bytes for ./Frameworks/NativeScript.framework/_CodeSignature/CodeResources
2019-12-23 10:18:03 +0000  copying file ./Frameworks/NativeScript.framework/NativeScript ... 
2019-12-23 10:18:03 +0000  24280464 bytes for ./Frameworks/NativeScript.framework/NativeScript
copying file ./Frameworks/NativeScript.framework/Info.plist ... 
2019-12-23 10:18:03 +0000  761 bytes for ./Frameworks/NativeScript.framework/Info.plist
2019-12-23 10:18:03 +0000  copying file ./Frameworks/MaterialComponents.framework/_CodeSignature/CodeResources ... 
2019-12-23 10:18:03 +0000  29034 bytes for ./Frameworks/MaterialComponents.framework/_CodeSignature/CodeResources
2019-12-23 10:18:03 +0000  copying file ./Frameworks/MaterialComponents.framework/MaterialTabs.bundle/Resources/de.lproj/MaterialTabs.strings ... 
2019-12-23 10:18:03 +0000  392 bytes for ./Frameworks/MaterialComponents.framework/MaterialTabs.bundle/Resources/de.lproj/MaterialTabs.strings
2019-12-23 10:18:03 +0000  copying file ./Frameworks/MaterialComponents.framework/MaterialTabs.bundle/Resources/he.lproj/MaterialTabs.strings ... 
2019-12-23 10:18:03 +0000  399 bytes for ./Frameworks/MaterialComponents.framework/MaterialTabs.bundle/Resources/he.lproj/MaterialTabs.strings
2019-12-23 10:18:03 +0000  copying file ./Frameworks/MaterialComponents.framework/MaterialTabs.bundle/Resources/en_AU.lproj/MaterialTabs.strings ... 
2019-12-23 10:18:03 +0000  380 bytes for ./Frameworks/MaterialComponents.framework/MaterialTabs.bundle/Resources/en_AU.lproj/MaterialTabs.strings
2019-12-23 10:18:03 +0000  copying file ./Frameworks/MaterialComponents.framework/MaterialTabs.bundle/Resources/ar.lproj/MaterialTabs.strings ... 
2019-12-23 10:18:03 +0000  406 bytes for ./Frameworks/MaterialComponents.framework/MaterialTabs.bundle/Resources/ar.lproj/MaterialTabs.strings
2019-12-23 10:18:03 +0000  copying file ./Frameworks/MaterialComponents.framework/MaterialTabs.bundle/Resources/el.lproj/MaterialTabs.strings ... 
2019-12-23 10:18:03 +0000  395 bytes for ./Frameworks/MaterialComponents.framework/MaterialTabs.bundle/Resources/el.lproj/MaterialTabs.strings
2019-12-23 10:18:03 +0000  copying file ./Frameworks/MaterialComponents.framework/MaterialTabs.bundle/Resources/ja.lproj/MaterialTabs.strings ... 
2019-12-23 10:18:03 +0000  380 bytes for ./Frameworks/MaterialComponents.framework/MaterialTabs.bundle/Resources/ja.lproj/MaterialTabs.strings
2019-12-23 10:18:03 +0000  copying file ./Frameworks/MaterialComponents.framework/MaterialTabs.bundle/Resources/fa.lproj/MaterialTabs.strings ... 
2019-12-23 10:18:03 +0000  387 bytes for ./Frameworks/MaterialComponents.framework/MaterialTabs.bundle/Resources/fa.lproj/MaterialTabs.strings
2019-12-23 10:18:03 +0000  copying file ./Frameworks/MaterialComponents.framework/MaterialTabs.bundle/Resources/iw.lproj/MaterialTabs.strings ... 
2019-12-23 10:18:03 +0000  399 bytes for ./Frameworks/MaterialComponents.framework/MaterialTabs.bundle/Resources/iw.lproj/MaterialTabs.strings
2019-12-23 10:18:03 +0000  copying file ./Frameworks/MaterialComponents.framework/MaterialTabs.bundle/Resources/sq.lproj/MaterialTabs.strings ... 
2019-12-23 10:18:03 +0000  384 bytes for ./Frameworks/MaterialComponents.framework/MaterialTabs.bundle/Resources/sq.lproj/MaterialTabs.strings
2019-12-23 10:18:03 +0000  copying file ./Frameworks/MaterialComponents.framework/MaterialTabs.bundle/Resources/en.lproj/MaterialTabs.strings ... 
2019-12-23 10:18:03 +0000  380 bytes for ./Frameworks/MaterialComponents.framework/MaterialTabs.bundle/Resources/en.lproj/MaterialTabs.strings
2019-12-23 10:18:03 +0000  copying file ./Frameworks/MaterialComponents.framework/MaterialTabs.bundle/Resources/uk.lproj/MaterialTabs.strings ... 
2019-12-23 10:18:03 +0000  391 bytes for ./Frameworks/MaterialComponents.framework/MaterialTabs.bundle/Resources/uk.lproj/MaterialTabs.strings
2019-12-23 10:18:03 +0000  copying file ./Frameworks/MaterialComponents.framework/MaterialTabs.bundle/Resources/es_419.lproj/MaterialTabs.strings ... 
2019-12-23 10:18:03 +0000  387 bytes for ./Frameworks/MaterialComponents.framework/MaterialTabs.bundle/Resources/es_419.lproj/MaterialTabs.strings
2019-12-23 10:18:03 +0000  copying file ./Frameworks/MaterialComponents.framework/MaterialTabs.bundle/Resources/es_MX.lproj/MaterialTabs.strings ... 
2019-12-23 10:18:03 +0000  387 bytes for ./Frameworks/MaterialComponents.framework/MaterialTabs.bundle/Resources/es_MX.lproj/MaterialTabs.strings
2019-12-23 10:18:03 +0000  copying file ./Frameworks/MaterialComponents.framework/MaterialTabs.bundle/Resources/zh_CN.lproj/MaterialTabs.strings ... 
2019-12-23 10:18:03 +0000  398 bytes for ./Frameworks/MaterialComponents.framework/MaterialTabs.bundle/Resources/zh_CN.lproj/MaterialTabs.strings
2019-12-23 10:18:03 +0000  copying file ./Frameworks/MaterialComponents.framework/MaterialTabs.bundle/Resources/nb.lproj/MaterialTabs.strings ... 
2019-12-23 10:18:03 +0000  381 bytes for ./Frameworks/MaterialComponents.framework/MaterialTabs.bundle/Resources/nb.lproj/MaterialTabs.strings
2019-12-23 10:18:03 +0000  copying file ./Frameworks/MaterialComponents.framework/MaterialTabs.bundle/Resources/es.lproj/MaterialTabs.strings ... 
2019-12-23 10:18:03 +0000  385 bytes for ./Frameworks/MaterialComponents.framework/MaterialTabs.bundle/Resources/es.lproj/MaterialTabs.strings
2019-12-23 10:18:03 +0000  copying file ./Frameworks/MaterialComponents.framework/MaterialTabs.bundle/Resources/pt_BR.lproj/MaterialTabs.strings ... 
2019-12-23 10:18:03 +0000  381 bytes for ./Frameworks/MaterialComponents.framework/MaterialTabs.bundle/Resources/pt_BR.lproj/MaterialTabs.strings
2019-12-23 10:18:03 +0000  copying file ./Frameworks/MaterialComponents.framework/MaterialTabs.bundle/Resources/da.lproj/MaterialTabs.strings ... 
2019-12-23 10:18:03 +0000  381 bytes for ./Frameworks/MaterialComponents.framework/MaterialTabs.bundle/Resources/da.lproj/MaterialTabs.strings
2019-12-23 10:18:03 +0000  copying file ./Frameworks/MaterialComponents.framework/MaterialTabs.bundle/Resources/it.lproj/MaterialTabs.strings ... 
2019-12-23 10:18:03 +0000  383 bytes for ./Frameworks/MaterialComponents.framework/MaterialTabs.bundle/Resources/it.lproj/MaterialTabs.strings
2019-12-23 10:18:03 +0000  copying file ./Frameworks/MaterialComponents.framework/MaterialTabs.bundle/Resources/bg.lproj/MaterialTabs.strings ... 
2019-12-23 10:18:03 +0000  380 bytes for ./Frameworks/MaterialComponents.framework/MaterialTabs.bundle/Resources/bg.lproj/MaterialTabs.strings
2019-12-23 10:18:03 +0000  copying file ./Frameworks/MaterialComponents.framework/MaterialTabs.bundle/Resources/sk.lproj/MaterialTabs.strings ... 
2019-12-23 10:18:03 +0000  382 bytes for ./Frameworks/MaterialComponents.framework/MaterialTabs.bundle/Resources/sk.lproj/MaterialTabs.strings
2019-12-23 10:18:03 +0000  copying file ./Frameworks/MaterialComponents.framework/MaterialTabs.bundle/Resources/kk.lproj/MaterialTabs.strings ... 
2019-12-23 10:18:03 +0000  388 bytes for ./Frameworks/MaterialComponents.framework/MaterialTabs.bundle/Resources/kk.lproj/MaterialTabs.strings
2019-12-23 10:18:03 +0000  copying file ./Frameworks/MaterialComponents.framework/MaterialTabs.bundle/Resources/pt_PT.lproj/MaterialTabs.strings ... 
2019-12-23 10:18:03 +0000  386 bytes for ./Frameworks/MaterialComponents.framework/MaterialTabs.bundle/Resources/pt_PT.lproj/MaterialTabs.strings
2019-12-23 10:18:03 +0000  copying file ./Frameworks/MaterialComponents.framework/MaterialTabs.bundle/Resources/sr.lproj/MaterialTabs.strings ... 
2019-12-23 10:18:03 +0000  393 bytes for ./Frameworks/MaterialComponents.framework/MaterialTabs.bundle/Resources/sr.lproj/MaterialTabs.strings
2019-12-23 10:18:03 +0000  copying file ./Frameworks/MaterialComponents.framework/MaterialTabs.bundle/Resources/ms.lproj/MaterialTabs.strings ... 
2019-12-23 10:18:03 +0000  386 bytes for ./Frameworks/MaterialComponents.framework/MaterialTabs.bundle/Resources/ms.lproj/MaterialTabs.strings
2019-12-23 10:18:03 +0000  copying file ./Frameworks/MaterialComponents.framework/MaterialTabs.bundle/Resources/sv.lproj/MaterialTabs.strings ... 
2019-12-23 10:18:03 +0000  381 bytes for ./Frameworks/MaterialComponents.framework/MaterialTabs.bundle/Resources/sv.lproj/MaterialTabs.strings
2019-12-23 10:18:03 +0000  copying file ./Frameworks/MaterialComponents.framework/MaterialTabs.bundle/Resources/cs.lproj/MaterialTabs.strings ... 
2019-12-23 10:18:03 +0000  382 bytes for ./Frameworks/MaterialComponents.framework/MaterialTabs.bundle/Resources/cs.lproj/MaterialTabs.strings
2019-12-23 10:18:03 +0000  copying file ./Frameworks/MaterialComponents.framework/MaterialTabs.bundle/Resources/km.lproj/MaterialTabs.strings ... 
2019-12-23 10:18:03 +0000  393 bytes for ./Frameworks/MaterialComponents.framework/MaterialTabs.bundle/Resources/km.lproj/MaterialTabs.strings
2019-12-23 10:18:03 +0000  copying file ./Frameworks/MaterialComponents.framework/MaterialTabs.bundle/Resources/en_IN.lproj/MaterialTabs.strings ... 
2019-12-23 10:18:03 +0000  380 bytes for ./Frameworks/MaterialComponents.framework/MaterialTabs.bundle/Resources/en_IN.lproj/MaterialTabs.strings
2019-12-23 10:18:03 +0000  copying file ./Frameworks/MaterialComponents.framework/MaterialTabs.bundle/Resources/ko.lproj/MaterialTabs.strings ... 
2019-12-23 10:18:03 +0000  390 bytes for ./Frameworks/MaterialComponents.framework/MaterialTabs.bundle/Resources/ko.lproj/MaterialTabs.strings
2019-12-23 10:18:03 +0000  copying file ./Frameworks/MaterialComponents.framework/MaterialTabs.bundle/Resources/hy.lproj/MaterialTabs.strings ... 
2019-12-23 10:18:03 +0000  396 bytes for ./Frameworks/MaterialComponents.framework/MaterialTabs.bundle/Resources/hy.lproj/MaterialTabs.strings
2019-12-23 10:18:03 +0000  copying file ./Frameworks/MaterialComponents.framework/MaterialTabs.bundle/Resources/mn.lproj/MaterialTabs.strings ... 
2019-12-23 10:18:03 +0000  402 bytes for ./Frameworks/MaterialComponents.framework/MaterialTabs.bundle/Resources/mn.lproj/MaterialTabs.strings
2019-12-23 10:18:03 +0000  copying file ./Frameworks/MaterialComponents.framework/MaterialTabs.bundle/Resources/no.lproj/MaterialTabs.strings ... 
2019-12-23 10:18:03 +0000  381 bytes for ./Frameworks/MaterialComponents.framework/MaterialTabs.bundle/Resources/no.lproj/MaterialTabs.strings
2019-12-23 10:18:03 +0000  copying file ./Frameworks/MaterialComponents.framework/MaterialTabs.bundle/Resources/hu.lproj/MaterialTabs.strings ... 
2019-12-23 10:18:03 +0000  381 bytes for ./Frameworks/MaterialComponents.framework/MaterialTabs.bundle/Resources/hu.lproj/MaterialTabs.strings
2019-12-23 10:18:03 +0000  copying file ./Frameworks/MaterialComponents.framework/MaterialTabs.bundle/Resources/zh_HK.lproj/MaterialTabs.strings ... 
2019-12-23 10:18:03 +0000  398 bytes for ./Frameworks/MaterialComponents.framework/MaterialTabs.bundle/Resources/zh_HK.lproj/MaterialTabs.strings
2019-12-23 10:18:03 +0000  copying file ./Frameworks/MaterialComponents.framework/MaterialTabs.bundle/Resources/ka.lproj/MaterialTabs.strings ... 
2019-12-23 10:18:03 +0000  407 bytes for ./Frameworks/MaterialComponents.framework/MaterialTabs.bundle/Resources/ka.lproj/MaterialTabs.strings
2019-12-23 10:18:03 +0000  copying file ./Frameworks/MaterialComponents.framework/MaterialTabs.bundle/Resources/tr.lproj/MaterialTabs.strings ... 
2019-12-23 10:18:03 +0000  379 bytes for ./Frameworks/MaterialComponents.framework/MaterialTabs.bundle/Resources/tr.lproj/MaterialTabs.strings
2019-12-23 10:18:03 +0000  copying file ./Frameworks/MaterialComponents.framework/MaterialTabs.bundle/Resources/pl.lproj/MaterialTabs.strings ... 
2019-12-23 10:18:03 +0000  381 bytes for ./Frameworks/MaterialComponents.framework/MaterialTabs.bundle/Resources/pl.lproj/MaterialTabs.strings
2019-12-23 10:18:03 +0000  copying file ./Frameworks/MaterialComponents.framework/MaterialTabs.bundle/Resources/zh_TW.lproj/MaterialTabs.strings ... 
2019-12-23 10:18:03 +0000  398 bytes for ./Frameworks/MaterialComponents.framework/MaterialTabs.bundle/Resources/zh_TW.lproj/MaterialTabs.strings
2019-12-23 10:18:03 +0000  copying file ./Frameworks/MaterialComponents.framework/MaterialTabs.bundle/Resources/en_GB.lproj/MaterialTabs.strings ... 
2019-12-23 10:18:03 +0000  380 bytes for ./Frameworks/MaterialComponents.framework/MaterialTabs.bundle/Resources/en_GB.lproj/MaterialTabs.strings
2019-12-23 10:18:03 +0000  copying file ./Frameworks/MaterialComponents.framework/MaterialTabs.bundle/Resources/vi.lproj/MaterialTabs.strings ... 
2019-12-23 10:18:03 +0000  383 bytes for ./Frameworks/MaterialComponents.framework/MaterialTabs.bundle/Resources/vi.lproj/MaterialTabs.strings
2019-12-23 10:18:03 +0000  copying file ./Frameworks/MaterialComponents.framework/MaterialTabs.bundle/Resources/lv.lproj/MaterialTabs.strings ... 
2019-12-23 10:18:03 +0000  380 bytes for ./Frameworks/MaterialComponents.framework/MaterialTabs.bundle/Resources/lv.lproj/MaterialTabs.strings
2019-12-23 10:18:03 +0000  copying file ./Frameworks/MaterialComponents.framework/MaterialTabs.bundle/Resources/lo.lproj/MaterialTabs.strings ... 
2019-12-23 10:18:03 +0000  405 bytes for ./Frameworks/MaterialComponents.framework/MaterialTabs.bundle/Resources/lo.lproj/MaterialTabs.strings
2019-12-23 10:18:03 +0000  copying file ./Frameworks/MaterialComponents.framework/MaterialTabs.bundle/Resources/lt.lproj/MaterialTabs.strings ... 
2019-12-23 10:18:03 +0000  387 bytes for ./Frameworks/MaterialComponents.framework/MaterialTabs.bundle/Resources/lt.lproj/MaterialTabs.strings
2019-12-23 10:18:03 +0000  copying file ./Frameworks/MaterialComponents.framework/MaterialTabs.bundle/Resources/ru.lproj/MaterialTabs.strings ... 
2019-12-23 10:18:03 +0000  393 bytes for ./Frameworks/MaterialComponents.framework/MaterialTabs.bundle/Resources/ru.lproj/MaterialTabs.strings
2019-12-23 10:18:03 +0000  copying file ./Frameworks/MaterialComponents.framework/MaterialTabs.bundle/Resources/fr_CA.lproj/MaterialTabs.strings ... 
2019-12-23 10:18:03 +0000  383 bytes for ./Frameworks/MaterialComponents.framework/MaterialTabs.bundle/Resources/fr_CA.lproj/MaterialTabs.strings
2019-12-23 10:18:03 +0000  copying file ./Frameworks/MaterialComponents.framework/MaterialTabs.bundle/Resources/fr.lproj/MaterialTabs.strings ... 
2019-12-23 10:18:03 +0000  386 bytes for ./Frameworks/MaterialComponents.framework/MaterialTabs.bundle/Resources/fr.lproj/MaterialTabs.strings
2019-12-23 10:18:03 +0000  copying file ./Frameworks/MaterialComponents.framework/MaterialTabs.bundle/Resources/fi.lproj/MaterialTabs.strings ... 
2019-12-23 10:18:03 +0000  384 bytes for ./Frameworks/MaterialComponents.framework/MaterialTabs.bundle/Resources/fi.lproj/MaterialTabs.strings
2019-12-23 10:18:03 +0000  copying file ./Frameworks/MaterialComponents.framework/MaterialTabs.bundle/Resources/id.lproj/MaterialTabs.strings ... 
2019-12-23 10:18:03 +0000  382 bytes for ./Frameworks/MaterialComponents.framework/MaterialTabs.bundle/Resources/id.lproj/MaterialTabs.strings
2019-12-23 10:18:03 +0000  copying file ./Frameworks/MaterialComponents.framework/MaterialTabs.bundle/Resources/nl.lproj/MaterialTabs.strings ... 
2019-12-23 10:18:03 +0000  385 bytes for ./Frameworks/MaterialComponents.framework/MaterialTabs.bundle/Resources/nl.lproj/MaterialTabs.strings
2019-12-23 10:18:03 +0000  copying file ./Frameworks/MaterialComponents.framework/MaterialTabs.bundle/Resources/th.lproj/MaterialTabs.strings ... 
2019-12-23 10:18:03 +0000  396 bytes for ./Frameworks/MaterialComponents.framework/MaterialTabs.bundle/Resources/th.lproj/MaterialTabs.strings
2019-12-23 10:18:03 +0000  copying file ./Frameworks/MaterialComponents.framework/MaterialTabs.bundle/Resources/pt.lproj/MaterialTabs.strings ... 
2019-12-23 10:18:03 +0000  381 bytes for ./Frameworks/MaterialComponents.framework/MaterialTabs.bundle/Resources/pt.lproj/MaterialTabs.strings
2019-12-23 10:18:03 +0000  copying file ./Frameworks/MaterialComponents.framework/MaterialTabs.bundle/Resources/ro.lproj/MaterialTabs.strings ... 
2019-12-23 10:18:03 +0000  383 bytes for ./Frameworks/MaterialComponents.framework/MaterialTabs.bundle/Resources/ro.lproj/MaterialTabs.strings
2019-12-23 10:18:03 +0000  copying file ./Frameworks/MaterialComponents.framework/MaterialTabs.bundle/Resources/hr.lproj/MaterialTabs.strings ... 
2019-12-23 10:18:03 +0000  384 bytes for ./Frameworks/MaterialComponents.framework/MaterialTabs.bundle/Resources/hr.lproj/MaterialTabs.strings
2019-12-23 10:18:03 +0000  copying file ./Frameworks/MaterialComponents.framework/MaterialTabs.bundle/Resources/hi.lproj/MaterialTabs.strings ... 
2019-12-23 10:18:03 +0000  400 bytes for ./Frameworks/MaterialComponents.framework/MaterialTabs.bundle/Resources/hi.lproj/MaterialTabs.strings
2019-12-23 10:18:03 +0000  copying file ./Frameworks/MaterialComponents.framework/MaterialTabs.bundle/Resources/ca.lproj/MaterialTabs.strings ... 
2019-12-23 10:18:03 +0000  382 bytes for ./Frameworks/MaterialComponents.framework/MaterialTabs.bundle/Resources/ca.lproj/MaterialTabs.strings
2019-12-23 10:18:03 +0000  copying file ./Frameworks/MaterialComponents.framework/MaterialComponents ... 
2019-12-23 10:18:03 +0000  5262128 bytes for ./Frameworks/MaterialComponents.framework/MaterialComponents
2019-12-23 10:18:03 +0000  copying file ./Frameworks/MaterialComponents.framework/Info.plist ... 
760 bytes for ./Frameworks/MaterialComponents.framework/Info.plist
2019-12-23 10:18:03 +0000  copying file ./Frameworks/TNSWidgets.framework/_CodeSignature/CodeResources ... 
2019-12-23 10:18:03 +0000  4248 bytes for ./Frameworks/TNSWidgets.framework/_CodeSignature/CodeResources
2019-12-23 10:18:03 +0000  copying file ./Frameworks/TNSWidgets.framework/TNSWidgets ... 
2019-12-23 10:18:03 +0000  236048 bytes for ./Frameworks/TNSWidgets.framework/TNSWidgets
2019-12-23 10:18:03 +0000  copying file ./Frameworks/TNSWidgets.framework/Headers/NSData+Async.h ... 
2019-12-23 10:18:03 +0000  497 bytes for ./Frameworks/TNSWidgets.framework/Headers/NSData+Async.h
copying file ./Frameworks/TNSWidgets.framework/Headers/UIImage+TNSBlocks.h ... 
2019-12-23 10:18:03 +0000  1049 bytes for ./Frameworks/TNSWidgets.framework/Headers/UIImage+TNSBlocks.h
copying file ./Frameworks/TNSWidgets.framework/Headers/TNSWidgets.h ... 
2019-12-23 10:18:03 +0000  668 bytes for ./Frameworks/TNSWidgets.framework/Headers/TNSWidgets.h
2019-12-23 10:18:03 +0000  copying file ./Frameworks/TNSWidgets.framework/Headers/TNSLabel.h ... 
2019-12-23 10:18:03 +0000  293 bytes for ./Frameworks/TNSWidgets.framework/Headers/TNSLabel.h
2019-12-23 10:18:03 +0000  copying file ./Frameworks/TNSWidgets.framework/Headers/NSString+Async.h ... 
2019-12-23 10:18:03 +0000  621 bytes for ./Frameworks/TNSWidgets.framework/Headers/NSString+Async.h
copying file ./Frameworks/TNSWidgets.framework/Headers/TNSProcess.h ... 
2019-12-23 10:18:03 +0000  800 bytes for ./Frameworks/TNSWidgets.framework/Headers/TNSProcess.h
2019-12-23 10:18:03 +0000  copying file ./Frameworks/TNSWidgets.framework/Headers/UIView+PassThroughParent.h ... 
2019-12-23 10:18:03 +0000  307 bytes for ./Frameworks/TNSWidgets.framework/Headers/UIView+PassThroughParent.h
2019-12-23 10:18:03 +0000  copying file ./Frameworks/TNSWidgets.framework/Modules/module.modulemap ... 
2019-12-23 10:18:03 +0000  101 bytes for ./Frameworks/TNSWidgets.framework/Modules/module.modulemap
2019-12-23 10:18:03 +0000  copying file ./Frameworks/TNSWidgets.framework/Info.plist ... 
2019-12-23 10:18:03 +0000  744 bytes for ./Frameworks/TNSWidgets.framework/Info.plist
2019-12-23 10:18:03 +0000  copying file ./Frameworks/MDFInternationalization.framework/_CodeSignature/CodeResources ... 
2019-12-23 10:18:03 +0000  1798 bytes for ./Frameworks/MDFInternationalization.framework/_CodeSignature/CodeResources
2019-12-23 10:18:03 +0000  copying file ./Frameworks/MDFInternationalization.framework/MDFInternationalization ... 
2019-12-23 10:18:03 +0000  607472 bytes for ./Frameworks/MDFInternationalization.framework/MDFInternationalization
copying file ./Frameworks/MDFInternationalization.framework/Info.plist ... 
2019-12-23 10:18:03 +0000  769 bytes for ./Frameworks/MDFInternationalization.framework/Info.plist
2019-12-23 10:18:03 +0000  copying file ./LaunchImage.png ... 
2019-12-23 10:18:03 +0000  23376 bytes for ./LaunchImage.png
copying file ./strip-dynamic-framework-architectures.sh ... 
2019-12-23 10:18:03 +0000  2293 bytes for ./strip-dynamic-framework-architectures.sh
copying file ./embedded.mobileprovision ... 
2019-12-23 10:18:03 +0000  9810 bytes for ./embedded.mobileprovision
2019-12-23 10:18:03 +0000  copying file ./LaunchImage-800-Landscape-736h@3x.png ... 
2019-12-23 10:18:03 +0000  263012 bytes for ./LaunchImage-800-Landscape-736h@3x.png
2019-12-23 10:18:03 +0000  copying file ./LaunchImage-700-Portrait@2x~ipad.png ... 
2019-12-23 10:18:03 +0000  224640 bytes for ./LaunchImage-700-Portrait@2x~ipad.png
2019-12-23 10:18:03 +0000  copying file ./LaunchImage-700-Landscape~ipad.png ... 
2019-12-23 10:18:03 +0000  74959 bytes for ./LaunchImage-700-Landscape~ipad.png
2019-12-23 10:18:03 +0000  copying file ./Info.plist ... 
2019-12-23 10:18:03 +0000  2223 bytes for ./Info.plist
copying file ./PkgInfo ... 
2019-12-23 10:18:03 +0000  8 bytes for ./PkgInfo
copying file ./applesigninproject ... 
2019-12-23 10:18:03 +0000  11833056 bytes for ./applesigninproject
copying file ./AppIcon76x76~ipad.png ... 
2019-12-23 10:18:03 +0000  7407 bytes for ./AppIcon76x76~ipad.png
2019-12-23 10:18:03 +0000 [MT] /usr/bin/ditto exited with 0
2019-12-23 10:18:03 +0000 [MT] Processing step: IDEDistributionEmbedProfileStep
2019-12-23 10:18:03 +0000 [MT] Skipping profile for item: <IDEDistributionItem: 0x7fa5add22ab0; bundleID='org.cocoapods.MDFInternationalization', path='<DVTFilePath:0x7fa5cdcaa1b0:'/Volumes/CodeSpace/tutorials/apple-signin-project/platforms/ios/build/Debug-iphoneos/applesigninproject.xcarchive/Products/Applications/applesigninproject.app/Frameworks/MDFInternationalization.framework'>', codeSigningInfo='<_DVTCodeSigningInformation_Path: 0x7fa5adc5ec40; isSigned='1', isAdHocSigned='0', signingCertificate='<DVTSigningCertificate: 0x7fa5add0a350; name='Apple Development: Tran Thanh Phong (U5ZZMDG3N8)', hash='3FCAEC832079F9D9CB8437279CABAD19FC2AE026', serialNumber='71499EA05903982D', certificateKinds='(
    "1.2.840.113635.100.6.1.12",
    "1.2.840.113635.100.6.1.2"
), issueDate='2019-09-30 15:15:25 +0000''>', entitlements='(null)', teamID='S98AN9584M', identifier='org.cocoapods.MDFInternationalization', executablePath='<DVTFilePath:0x7fa5eddf4280:'/Volumes/CodeSpace/tutorials/apple-signin-project/platforms/ios/build/Debug-iphoneos/applesigninproject.xcarchive/Products/Applications/applesigninproject.app/Frameworks/MDFInternationalization.framework/MDFInternationalization'>', hardenedRuntime='0'>'>
2019-12-23 10:18:03 +0000 [MT] Skipping profile for item: <IDEDistributionItem: 0x7fa60de5ff80; bundleID='org.cocoapods.MaterialComponents', path='<DVTFilePath:0x7fa5eddc42f0:'/Volumes/CodeSpace/tutorials/apple-signin-project/platforms/ios/build/Debug-iphoneos/applesigninproject.xcarchive/Products/Applications/applesigninproject.app/Frameworks/MaterialComponents.framework'>', codeSigningInfo='<_DVTCodeSigningInformation_Path: 0x7fa5adc57580; isSigned='1', isAdHocSigned='0', signingCertificate='<DVTSigningCertificate: 0x7fa5add0a350; name='Apple Development: Tran Thanh Phong (U5ZZMDG3N8)', hash='3FCAEC832079F9D9CB8437279CABAD19FC2AE026', serialNumber='71499EA05903982D', certificateKinds='(
    "1.2.840.113635.100.6.1.12",
    "1.2.840.113635.100.6.1.2"
), issueDate='2019-09-30 15:15:25 +0000''>', entitlements='(null)', teamID='S98AN9584M', identifier='org.cocoapods.MaterialComponents', executablePath='<DVTFilePath:0x7fa5adc3d490:'/Volumes/CodeSpace/tutorials/apple-signin-project/platforms/ios/build/Debug-iphoneos/applesigninproject.xcarchive/Products/Applications/applesigninproject.app/Frameworks/MaterialComponents.framework/MaterialComponents'>', hardenedRuntime='0'>'>
2019-12-23 10:18:03 +0000 [MT] Skipping profile for item: <IDEDistributionItem: 0x7fa5bde01da0; bundleID='org.nativescript.NativeScript', path='<DVTFilePath:0x7fa5ddce2620:'/Volumes/CodeSpace/tutorials/apple-signin-project/platforms/ios/build/Debug-iphoneos/applesigninproject.xcarchive/Products/Applications/applesigninproject.app/Frameworks/NativeScript.framework'>', codeSigningInfo='<_DVTCodeSigningInformation_Path: 0x7fa5adc527a0; isSigned='1', isAdHocSigned='0', signingCertificate='<DVTSigningCertificate: 0x7fa5adcbe850; name='Apple Development: Tran Thanh Phong (U5ZZMDG3N8)', hash='3FCAEC832079F9D9CB8437279CABAD19FC2AE026', serialNumber='71499EA05903982D', certificateKinds='(
    "1.2.840.113635.100.6.1.12",
    "1.2.840.113635.100.6.1.2"
), issueDate='2019-09-30 15:15:25 +0000''>', entitlements='(null)', teamID='S98AN9584M', identifier='org.nativescript.NativeScript', executablePath='<DVTFilePath:0x7fa5ddce3600:'/Volumes/CodeSpace/tutorials/apple-signin-project/platforms/ios/build/Debug-iphoneos/applesigninproject.xcarchive/Products/Applications/applesigninproject.app/Frameworks/NativeScript.framework/NativeScript'>', hardenedRuntime='0'>'>
2019-12-23 10:18:03 +0000 [MT] Skipping profile for item: <IDEDistributionItem: 0x7fa5add31a60; bundleID='org.nativescript.TNSWidgets', path='<DVTFilePath:0x7fa5adc3fba0:'/Volumes/CodeSpace/tutorials/apple-signin-project/platforms/ios/build/Debug-iphoneos/applesigninproject.xcarchive/Products/Applications/applesigninproject.app/Frameworks/TNSWidgets.framework'>', codeSigningInfo='<_DVTCodeSigningInformation_Path: 0x7fa5adc53bc0; isSigned='1', isAdHocSigned='0', signingCertificate='<DVTSigningCertificate: 0x7fa5adcc1500; name='Apple Development: Tran Thanh Phong (U5ZZMDG3N8)', hash='3FCAEC832079F9D9CB8437279CABAD19FC2AE026', serialNumber='71499EA05903982D', certificateKinds='(
    "1.2.840.113635.100.6.1.12",
    "1.2.840.113635.100.6.1.2"
), issueDate='2019-09-30 15:15:25 +0000''>', entitlements='(null)', teamID='S98AN9584M', identifier='org.nativescript.TNSWidgets', executablePath='<DVTFilePath:0x7fa5adc431c0:'/Volumes/CodeSpace/tutorials/apple-signin-project/platforms/ios/build/Debug-iphoneos/applesigninproject.xcarchive/Products/Applications/applesigninproject.app/Frameworks/TNSWidgets.framework/TNSWidgets'>', hardenedRuntime='0'>'>
2019-12-23 10:18:03 +0000 [MT] Processing step: IDEDistributionAppThinningPlistStep
2019-12-23 10:18:03 +0000 [MT] Skipping step: IDEDistributionAppThinningPlistStep because it said so
2019-12-23 10:18:03 +0000 [MT] Processing step: IDEDistributionCompileBitcodeStep
2019-12-23 10:18:03 +0000 [MT] Skipping step: IDEDistributionCompileBitcodeStep because it said so
2019-12-23 10:18:03 +0000 [MT] Processing step: IDEDistributionCodeSlimmingStep
2019-12-23 10:18:03 +0000 [MT] Processing step: IDEDistributionCopyBCSymbolMapsStep
2019-12-23 10:18:03 +0000 [MT] Skipping step: IDEDistributionCopyBCSymbolMapsStep because it said so
2019-12-23 10:18:03 +0000 [MT] Skipping step: IDEDistributionCopyBCSymbolMapsStep because it said so
2019-12-23 10:18:03 +0000 [MT] Skipping step: IDEDistributionCopyBCSymbolMapsStep because it said so
2019-12-23 10:18:03 +0000 [MT] Skipping step: IDEDistributionCopyBCSymbolMapsStep because it said so
2019-12-23 10:18:03 +0000 [MT] Skipping step: IDEDistributionCopyBCSymbolMapsStep because it said so
2019-12-23 10:18:03 +0000 [MT] Processing step: IDEDistributionSymbolsStep
2019-12-23 10:18:03 +0000 [MT] Skipping step: IDEDistributionSymbolsStep because it said so
2019-12-23 10:18:03 +0000 [MT] Skipping step: IDEDistributionSymbolsStep because it said so
2019-12-23 10:18:03 +0000 [MT] Skipping step: IDEDistributionSymbolsStep because it said so
2019-12-23 10:18:03 +0000 [MT] Skipping step: IDEDistributionSymbolsStep because it said so
2019-12-23 10:18:03 +0000 [MT] Skipping step: IDEDistributionSymbolsStep because it said so
2019-12-23 10:18:03 +0000 [MT] Processing step: IDEDistributionAppThinningStep
2019-12-23 10:18:03 +0000 [MT] Skipping step: IDEDistributionAppThinningStep because it said so
2019-12-23 10:18:03 +0000 [MT] Processing step: IDEDistributionArchThinningStep
2019-12-23 10:18:03 +0000 [MT] Running /Applications/Xcode.app/Contents/Developer/Toolchains/XcodeDefault.xctoolchain/usr/bin/lipo '/var/folders/g5/rm3vdk3n42x6pd5zrkcg9bf40000gn/T/XcodeDistPipeline.~~~Uqhn9H/Root/Payload/applesigninproject.app/Frameworks/MDFInternationalization.framework/MDFInternationalization' '-verify_arch' 'arm64e'
2019-12-23 10:18:03 +0000 [MT] /Applications/Xcode.app/Contents/Developer/Toolchains/XcodeDefault.xctoolchain/usr/bin/lipo exited with 1
2019-12-23 10:18:03 +0000 [MT] Skipping architecture thinning for item "MDFInternationalization" because arch "arm64e" wasn't found
2019-12-23 10:18:03 +0000 [MT] Running /Applications/Xcode.app/Contents/Developer/Toolchains/XcodeDefault.xctoolchain/usr/bin/lipo '/var/folders/g5/rm3vdk3n42x6pd5zrkcg9bf40000gn/T/XcodeDistPipeline.~~~Uqhn9H/Root/Payload/applesigninproject.app/Frameworks/MaterialComponents.framework/MaterialComponents' '-verify_arch' 'arm64e'
2019-12-23 10:18:03 +0000 [MT] /Applications/Xcode.app/Contents/Developer/Toolchains/XcodeDefault.xctoolchain/usr/bin/lipo exited with 1
2019-12-23 10:18:03 +0000 [MT] Skipping architecture thinning for item "MaterialComponents" because arch "arm64e" wasn't found
2019-12-23 10:18:03 +0000 [MT] Running /Applications/Xcode.app/Contents/Developer/Toolchains/XcodeDefault.xctoolchain/usr/bin/lipo '/var/folders/g5/rm3vdk3n42x6pd5zrkcg9bf40000gn/T/XcodeDistPipeline.~~~Uqhn9H/Root/Payload/applesigninproject.app/Frameworks/NativeScript.framework/NativeScript' '-verify_arch' 'arm64e'
2019-12-23 10:18:03 +0000 [MT] /Applications/Xcode.app/Contents/Developer/Toolchains/XcodeDefault.xctoolchain/usr/bin/lipo exited with 1
2019-12-23 10:18:03 +0000 [MT] Skipping architecture thinning for item "NativeScript" because arch "arm64e" wasn't found
2019-12-23 10:18:03 +0000 [MT] Running /Applications/Xcode.app/Contents/Developer/Toolchains/XcodeDefault.xctoolchain/usr/bin/lipo '/var/folders/g5/rm3vdk3n42x6pd5zrkcg9bf40000gn/T/XcodeDistPipeline.~~~Uqhn9H/Root/Payload/applesigninproject.app/Frameworks/TNSWidgets.framework/TNSWidgets' '-verify_arch' 'arm64e'
2019-12-23 10:18:03 +0000 [MT] /Applications/Xcode.app/Contents/Developer/Toolchains/XcodeDefault.xctoolchain/usr/bin/lipo exited with 1
2019-12-23 10:18:03 +0000 [MT] Skipping architecture thinning for item "TNSWidgets" because arch "arm64e" wasn't found
2019-12-23 10:18:03 +0000 [MT] Running /Applications/Xcode.app/Contents/Developer/Toolchains/XcodeDefault.xctoolchain/usr/bin/lipo '/var/folders/g5/rm3vdk3n42x6pd5zrkcg9bf40000gn/T/XcodeDistPipeline.~~~Uqhn9H/Root/Payload/applesigninproject.app/applesigninproject' '-verify_arch' 'arm64e'
2019-12-23 10:18:03 +0000 [MT] /Applications/Xcode.app/Contents/Developer/Toolchains/XcodeDefault.xctoolchain/usr/bin/lipo exited with 1
2019-12-23 10:18:03 +0000 [MT] Skipping architecture thinning for item "applesigninproject" because arch "arm64e" wasn't found
2019-12-23 10:18:03 +0000 [MT] Processing step: IDEDistributionODRStep
2019-12-23 10:18:03 +0000 [MT] Processing step: IDEDistributionStripXattrsStep
2019-12-23 10:18:03 +0000 [MT] Skipping stripping extended attributes of item: <IDEDistributionItem: 0x7fa5add22ab0; bundleID='org.cocoapods.MDFInternationalization', path='<DVTFilePath:0x7fa5cdcaa1b0:'/Volumes/CodeSpace/tutorials/apple-signin-project/platforms/ios/build/Debug-iphoneos/applesigninproject.xcarchive/Products/Applications/applesigninproject.app/Frameworks/MDFInternationalization.framework'>', codeSigningInfo='<_DVTCodeSigningInformation_Path: 0x7fa5adc5ec40; isSigned='1', isAdHocSigned='0', signingCertificate='<DVTSigningCertificate: 0x7fa5bdcf25d0; name='Apple Development: Tran Thanh Phong (U5ZZMDG3N8)', hash='3FCAEC832079F9D9CB8437279CABAD19FC2AE026', serialNumber='71499EA05903982D', certificateKinds='(
    "1.2.840.113635.100.6.1.12",
    "1.2.840.113635.100.6.1.2"
), issueDate='2019-09-30 15:15:25 +0000''>', entitlements='(null)', teamID='S98AN9584M', identifier='org.cocoapods.MDFInternationalization', executablePath='<DVTFilePath:0x7fa5eddf4280:'/Volumes/CodeSpace/tutorials/apple-signin-project/platforms/ios/build/Debug-iphoneos/applesigninproject.xcarchive/Products/Applications/applesigninproject.app/Frameworks/MDFInternationalization.framework/MDFInternationalization'>', hardenedRuntime='0'>'>
2019-12-23 10:18:03 +0000 [MT] Skipping stripping extended attributes of item: <IDEDistributionItem: 0x7fa60de5ff80; bundleID='org.cocoapods.MaterialComponents', path='<DVTFilePath:0x7fa5eddc42f0:'/Volumes/CodeSpace/tutorials/apple-signin-project/platforms/ios/build/Debug-iphoneos/applesigninproject.xcarchive/Products/Applications/applesigninproject.app/Frameworks/MaterialComponents.framework'>', codeSigningInfo='<_DVTCodeSigningInformation_Path: 0x7fa5adc57580; isSigned='1', isAdHocSigned='0', signingCertificate='<DVTSigningCertificate: 0x7fa5bdcf28c0; name='Apple Development: Tran Thanh Phong (U5ZZMDG3N8)', hash='3FCAEC832079F9D9CB8437279CABAD19FC2AE026', serialNumber='71499EA05903982D', certificateKinds='(
    "1.2.840.113635.100.6.1.12",
    "1.2.840.113635.100.6.1.2"
), issueDate='2019-09-30 15:15:25 +0000''>', entitlements='(null)', teamID='S98AN9584M', identifier='org.cocoapods.MaterialComponents', executablePath='<DVTFilePath:0x7fa5adc3d490:'/Volumes/CodeSpace/tutorials/apple-signin-project/platforms/ios/build/Debug-iphoneos/applesigninproject.xcarchive/Products/Applications/applesigninproject.app/Frameworks/MaterialComponents.framework/MaterialComponents'>', hardenedRuntime='0'>'>
2019-12-23 10:18:03 +0000 [MT] Skipping stripping extended attributes of item: <IDEDistributionItem: 0x7fa5bde01da0; bundleID='org.nativescript.NativeScript', path='<DVTFilePath:0x7fa5ddce2620:'/Volumes/CodeSpace/tutorials/apple-signin-project/platforms/ios/build/Debug-iphoneos/applesigninproject.xcarchive/Products/Applications/applesigninproject.app/Frameworks/NativeScript.framework'>', codeSigningInfo='<_DVTCodeSigningInformation_Path: 0x7fa5adc527a0; isSigned='1', isAdHocSigned='0', signingCertificate='<DVTSigningCertificate: 0x7fa5bdcf2bc0; name='Apple Development: Tran Thanh Phong (U5ZZMDG3N8)', hash='3FCAEC832079F9D9CB8437279CABAD19FC2AE026', serialNumber='71499EA05903982D', certificateKinds='(
    "1.2.840.113635.100.6.1.12",
    "1.2.840.113635.100.6.1.2"
), issueDate='2019-09-30 15:15:25 +0000''>', entitlements='(null)', teamID='S98AN9584M', identifier='org.nativescript.NativeScript', executablePath='<DVTFilePath:0x7fa5ddce3600:'/Volumes/CodeSpace/tutorials/apple-signin-project/platforms/ios/build/Debug-iphoneos/applesigninproject.xcarchive/Products/Applications/applesigninproject.app/Frameworks/NativeScript.framework/NativeScript'>', hardenedRuntime='0'>'>
2019-12-23 10:18:03 +0000 [MT] Skipping stripping extended attributes of item: <IDEDistributionItem: 0x7fa5add31a60; bundleID='org.nativescript.TNSWidgets', path='<DVTFilePath:0x7fa5adc3fba0:'/Volumes/CodeSpace/tutorials/apple-signin-project/platforms/ios/build/Debug-iphoneos/applesigninproject.xcarchive/Products/Applications/applesigninproject.app/Frameworks/TNSWidgets.framework'>', codeSigningInfo='<_DVTCodeSigningInformation_Path: 0x7fa5adc53bc0; isSigned='1', isAdHocSigned='0', signingCertificate='<DVTSigningCertificate: 0x7fa6181b4010; name='Apple Development: Tran Thanh Phong (U5ZZMDG3N8)', hash='3FCAEC832079F9D9CB8437279CABAD19FC2AE026', serialNumber='71499EA05903982D', certificateKinds='(
    "1.2.840.113635.100.6.1.12",
    "1.2.840.113635.100.6.1.2"
), issueDate='2019-09-30 15:15:25 +0000''>', entitlements='(null)', teamID='S98AN9584M', identifier='org.nativescript.TNSWidgets', executablePath='<DVTFilePath:0x7fa5adc431c0:'/Volumes/CodeSpace/tutorials/apple-signin-project/platforms/ios/build/Debug-iphoneos/applesigninproject.xcarchive/Products/Applications/applesigninproject.app/Frameworks/TNSWidgets.framework/TNSWidgets'>', hardenedRuntime='0'>'>
2019-12-23 10:18:03 +0000 [MT] Running /usr/bin/xattr '-crs' '/var/folders/g5/rm3vdk3n42x6pd5zrkcg9bf40000gn/T/XcodeDistPipeline.~~~Uqhn9H/Root/Payload/applesigninproject.app'
2019-12-23 10:18:03 +0000 [MT] /usr/bin/xattr exited with 0
2019-12-23 10:18:03 +0000 [MT] Processing step: IDEDistributionCodesignStep
2019-12-23 10:18:03 +0000 [MT] Entitlements for <IDEDistributionItem: 0x7fa5add22ab0; bundleID='org.cocoapods.MDFInternationalization', path='<DVTFilePath:0x7fa5cdcaa1b0:'/Volumes/CodeSpace/tutorials/apple-signin-project/platforms/ios/build/Debug-iphoneos/applesigninproject.xcarchive/Products/Applications/applesigninproject.app/Frameworks/MDFInternationalization.framework'>', codeSigningInfo='<_DVTCodeSigningInformation_Path: 0x7fa5adc5ec40; isSigned='1', isAdHocSigned='0', signingCertificate='<DVTSigningCertificate: 0x7fa5adcb1a20; name='Apple Development: Tran Thanh Phong (U5ZZMDG3N8)', hash='3FCAEC832079F9D9CB8437279CABAD19FC2AE026', serialNumber='71499EA05903982D', certificateKinds='(
    "1.2.840.113635.100.6.1.12",
    "1.2.840.113635.100.6.1.2"
), issueDate='2019-09-30 15:15:25 +0000''>', entitlements='(null)', teamID='S98AN9584M', identifier='org.cocoapods.MDFInternationalization', executablePath='<DVTFilePath:0x7fa5eddf4280:'/Volumes/CodeSpace/tutorials/apple-signin-project/platforms/ios/build/Debug-iphoneos/applesigninproject.xcarchive/Products/Applications/applesigninproject.app/Frameworks/MDFInternationalization.framework/MDFInternationalization'>', hardenedRuntime='0'>'>: {
}
2019-12-23 10:18:03 +0000 [MT] Writing entitlements for <IDEDistributionItem: 0x7fa5add22ab0; bundleID='org.cocoapods.MDFInternationalization', path='<DVTFilePath:0x7fa5cdcaa1b0:'/Volumes/CodeSpace/tutorials/apple-signin-project/platforms/ios/build/Debug-iphoneos/applesigninproject.xcarchive/Products/Applications/applesigninproject.app/Frameworks/MDFInternationalization.framework'>', codeSigningInfo='<_DVTCodeSigningInformation_Path: 0x7fa5adc5ec40; isSigned='1', isAdHocSigned='0', signingCertificate='<DVTSigningCertificate: 0x7fa5adcb9a70; name='Apple Development: Tran Thanh Phong (U5ZZMDG3N8)', hash='3FCAEC832079F9D9CB8437279CABAD19FC2AE026', serialNumber='71499EA05903982D', certificateKinds='(
    "1.2.840.113635.100.6.1.12",
    "1.2.840.113635.100.6.1.2"
), issueDate='2019-09-30 15:15:25 +0000''>', entitlements='(null)', teamID='S98AN9584M', identifier='org.cocoapods.MDFInternationalization', executablePath='<DVTFilePath:0x7fa5eddf4280:'/Volumes/CodeSpace/tutorials/apple-signin-project/platforms/ios/build/Debug-iphoneos/applesigninproject.xcarchive/Products/Applications/applesigninproject.app/Frameworks/MDFInternationalization.framework/MDFInternationalization'>', hardenedRuntime='0'>'> to: /var/folders/g5/rm3vdk3n42x6pd5zrkcg9bf40000gn/T/XcodeDistPipeline.~~~Uqhn9H/entitlements~~~fuKc4b
2019-12-23 10:18:03 +0000 [MT] Running /usr/bin/codesign '-vvv' '--force' '--sign' '3FCAEC832079F9D9CB8437279CABAD19FC2AE026' '--entitlements' '/var/folders/g5/rm3vdk3n42x6pd5zrkcg9bf40000gn/T/XcodeDistPipeline.~~~Uqhn9H/entitlements~~~fuKc4b' '--preserve-metadata=identifier,flags,runtime' '/var/folders/g5/rm3vdk3n42x6pd5zrkcg9bf40000gn/T/XcodeDistPipeline.~~~Uqhn9H/Root/Payload/applesigninproject.app/Frameworks/MDFInternationalization.framework'
2019-12-23 10:18:03 +0000  /var/folders/g5/rm3vdk3n42x6pd5zrkcg9bf40000gn/T/XcodeDistPipeline.~~~Uqhn9H/Root/Payload/applesigninproject.app/Frameworks/MDFInternationalization.framework: signed bundle with Mach-O universal (armv7 arm64) [org.cocoapods.MDFInternationalization]
2019-12-23 10:18:03 +0000 [MT] /usr/bin/codesign exited with 0
2019-12-23 10:18:03 +0000 [MT] Entitlements for <IDEDistributionItem: 0x7fa60de5ff80; bundleID='org.cocoapods.MaterialComponents', path='<DVTFilePath:0x7fa5eddc42f0:'/Volumes/CodeSpace/tutorials/apple-signin-project/platforms/ios/build/Debug-iphoneos/applesigninproject.xcarchive/Products/Applications/applesigninproject.app/Frameworks/MaterialComponents.framework'>', codeSigningInfo='<_DVTCodeSigningInformation_Path: 0x7fa5adc57580; isSigned='1', isAdHocSigned='0', signingCertificate='<DVTSigningCertificate: 0x7fa5cdcb2060; name='Apple Development: Tran Thanh Phong (U5ZZMDG3N8)', hash='3FCAEC832079F9D9CB8437279CABAD19FC2AE026', serialNumber='71499EA05903982D', certificateKinds='(
    "1.2.840.113635.100.6.1.12",
    "1.2.840.113635.100.6.1.2"
), issueDate='2019-09-30 15:15:25 +0000''>', entitlements='(null)', teamID='S98AN9584M', identifier='org.cocoapods.MaterialComponents', executablePath='<DVTFilePath:0x7fa5adc3d490:'/Volumes/CodeSpace/tutorials/apple-signin-project/platforms/ios/build/Debug-iphoneos/applesigninproject.xcarchive/Products/Applications/applesigninproject.app/Frameworks/MaterialComponents.framework/MaterialComponents'>', hardenedRuntime='0'>'>: {
}
2019-12-23 10:18:03 +0000 [MT] Writing entitlements for <IDEDistributionItem: 0x7fa60de5ff80; bundleID='org.cocoapods.MaterialComponents', path='<DVTFilePath:0x7fa5eddc42f0:'/Volumes/CodeSpace/tutorials/apple-signin-project/platforms/ios/build/Debug-iphoneos/applesigninproject.xcarchive/Products/Applications/applesigninproject.app/Frameworks/MaterialComponents.framework'>', codeSigningInfo='<_DVTCodeSigningInformation_Path: 0x7fa5adc57580; isSigned='1', isAdHocSigned='0', signingCertificate='<DVTSigningCertificate: 0x7fa5cdcbe120; name='Apple Development: Tran Thanh Phong (U5ZZMDG3N8)', hash='3FCAEC832079F9D9CB8437279CABAD19FC2AE026', serialNumber='71499EA05903982D', certificateKinds='(
    "1.2.840.113635.100.6.1.12",
    "1.2.840.113635.100.6.1.2"
), issueDate='2019-09-30 15:15:25 +0000''>', entitlements='(null)', teamID='S98AN9584M', identifier='org.cocoapods.MaterialComponents', executablePath='<DVTFilePath:0x7fa5adc3d490:'/Volumes/CodeSpace/tutorials/apple-signin-project/platforms/ios/build/Debug-iphoneos/applesigninproject.xcarchive/Products/Applications/applesigninproject.app/Frameworks/MaterialComponents.framework/MaterialComponents'>', hardenedRuntime='0'>'> to: /var/folders/g5/rm3vdk3n42x6pd5zrkcg9bf40000gn/T/XcodeDistPipeline.~~~Uqhn9H/entitlements~~~iMQfO9
2019-12-23 10:18:03 +0000 [MT] Running /usr/bin/codesign '-vvv' '--force' '--sign' '3FCAEC832079F9D9CB8437279CABAD19FC2AE026' '--entitlements' '/var/folders/g5/rm3vdk3n42x6pd5zrkcg9bf40000gn/T/XcodeDistPipeline.~~~Uqhn9H/entitlements~~~iMQfO9' '--preserve-metadata=identifier,flags,runtime' '/var/folders/g5/rm3vdk3n42x6pd5zrkcg9bf40000gn/T/XcodeDistPipeline.~~~Uqhn9H/Root/Payload/applesigninproject.app/Frameworks/MaterialComponents.framework'
2019-12-23 10:18:03 +0000  /var/folders/g5/rm3vdk3n42x6pd5zrkcg9bf40000gn/T/XcodeDistPipeline.~~~Uqhn9H/Root/Payload/applesigninproject.app/Frameworks/MaterialComponents.framework: signed bundle with Mach-O universal (armv7 arm64) [org.cocoapods.MaterialComponents]
2019-12-23 10:18:03 +0000 [MT] /usr/bin/codesign exited with 0
2019-12-23 10:18:03 +0000 [MT] Entitlements for <IDEDistributionItem: 0x7fa5bde01da0; bundleID='org.nativescript.NativeScript', path='<DVTFilePath:0x7fa5ddce2620:'/Volumes/CodeSpace/tutorials/apple-signin-project/platforms/ios/build/Debug-iphoneos/applesigninproject.xcarchive/Products/Applications/applesigninproject.app/Frameworks/NativeScript.framework'>', codeSigningInfo='<_DVTCodeSigningInformation_Path: 0x7fa5adc527a0; isSigned='1', isAdHocSigned='0', signingCertificate='<DVTSigningCertificate: 0x7fa5bdd2ffb0; name='Apple Development: Tran Thanh Phong (U5ZZMDG3N8)', hash='3FCAEC832079F9D9CB8437279CABAD19FC2AE026', serialNumber='71499EA05903982D', certificateKinds='(
    "1.2.840.113635.100.6.1.12",
    "1.2.840.113635.100.6.1.2"
), issueDate='2019-09-30 15:15:25 +0000''>', entitlements='(null)', teamID='S98AN9584M', identifier='org.nativescript.NativeScript', executablePath='<DVTFilePath:0x7fa5ddce3600:'/Volumes/CodeSpace/tutorials/apple-signin-project/platforms/ios/build/Debug-iphoneos/applesigninproject.xcarchive/Products/Applications/applesigninproject.app/Frameworks/NativeScript.framework/NativeScript'>', hardenedRuntime='0'>'>: {
}
2019-12-23 10:18:03 +0000 [MT] Writing entitlements for <IDEDistributionItem: 0x7fa5bde01da0; bundleID='org.nativescript.NativeScript', path='<DVTFilePath:0x7fa5ddce2620:'/Volumes/CodeSpace/tutorials/apple-signin-project/platforms/ios/build/Debug-iphoneos/applesigninproject.xcarchive/Products/Applications/applesigninproject.app/Frameworks/NativeScript.framework'>', codeSigningInfo='<_DVTCodeSigningInformation_Path: 0x7fa5adc527a0; isSigned='1', isAdHocSigned='0', signingCertificate='<DVTSigningCertificate: 0x7fa5bdd0f860; name='Apple Development: Tran Thanh Phong (U5ZZMDG3N8)', hash='3FCAEC832079F9D9CB8437279CABAD19FC2AE026', serialNumber='71499EA05903982D', certificateKinds='(
    "1.2.840.113635.100.6.1.12",
    "1.2.840.113635.100.6.1.2"
), issueDate='2019-09-30 15:15:25 +0000''>', entitlements='(null)', teamID='S98AN9584M', identifier='org.nativescript.NativeScript', executablePath='<DVTFilePath:0x7fa5ddce3600:'/Volumes/CodeSpace/tutorials/apple-signin-project/platforms/ios/build/Debug-iphoneos/applesigninproject.xcarchive/Products/Applications/applesigninproject.app/Frameworks/NativeScript.framework/NativeScript'>', hardenedRuntime='0'>'> to: /var/folders/g5/rm3vdk3n42x6pd5zrkcg9bf40000gn/T/XcodeDistPipeline.~~~Uqhn9H/entitlements~~~N0Cn3t
2019-12-23 10:18:03 +0000 [MT] Running /usr/bin/codesign '-vvv' '--force' '--sign' '3FCAEC832079F9D9CB8437279CABAD19FC2AE026' '--entitlements' '/var/folders/g5/rm3vdk3n42x6pd5zrkcg9bf40000gn/T/XcodeDistPipeline.~~~Uqhn9H/entitlements~~~N0Cn3t' '--preserve-metadata=identifier,flags,runtime' '/var/folders/g5/rm3vdk3n42x6pd5zrkcg9bf40000gn/T/XcodeDistPipeline.~~~Uqhn9H/Root/Payload/applesigninproject.app/Frameworks/NativeScript.framework'
2019-12-23 10:18:03 +0000  /var/folders/g5/rm3vdk3n42x6pd5zrkcg9bf40000gn/T/XcodeDistPipeline.~~~Uqhn9H/Root/Payload/applesigninproject.app/Frameworks/NativeScript.framework: replacing existing signature
2019-12-23 10:18:04 +0000  /var/folders/g5/rm3vdk3n42x6pd5zrkcg9bf40000gn/T/XcodeDistPipeline.~~~Uqhn9H/Root/Payload/applesigninproject.app/Frameworks/NativeScript.framework: signed bundle with Mach-O universal (armv7 arm64) [org.nativescript.NativeScript]
2019-12-23 10:18:04 +0000 [MT] /usr/bin/codesign exited with 0
2019-12-23 10:18:04 +0000 [MT] Entitlements for <IDEDistributionItem: 0x7fa5add31a60; bundleID='org.nativescript.TNSWidgets', path='<DVTFilePath:0x7fa5adc3fba0:'/Volumes/CodeSpace/tutorials/apple-signin-project/platforms/ios/build/Debug-iphoneos/applesigninproject.xcarchive/Products/Applications/applesigninproject.app/Frameworks/TNSWidgets.framework'>', codeSigningInfo='<_DVTCodeSigningInformation_Path: 0x7fa5adc53bc0; isSigned='1', isAdHocSigned='0', signingCertificate='<DVTSigningCertificate: 0x7fa5bde11300; name='Apple Development: Tran Thanh Phong (U5ZZMDG3N8)', hash='3FCAEC832079F9D9CB8437279CABAD19FC2AE026', serialNumber='71499EA05903982D', certificateKinds='(
    "1.2.840.113635.100.6.1.12",
    "1.2.840.113635.100.6.1.2"
), issueDate='2019-09-30 15:15:25 +0000''>', entitlements='(null)', teamID='S98AN9584M', identifier='org.nativescript.TNSWidgets', executablePath='<DVTFilePath:0x7fa5adc431c0:'/Volumes/CodeSpace/tutorials/apple-signin-project/platforms/ios/build/Debug-iphoneos/applesigninproject.xcarchive/Products/Applications/applesigninproject.app/Frameworks/TNSWidgets.framework/TNSWidgets'>', hardenedRuntime='0'>'>: {
}
2019-12-23 10:18:04 +0000 [MT] Writing entitlements for <IDEDistributionItem: 0x7fa5add31a60; bundleID='org.nativescript.TNSWidgets', path='<DVTFilePath:0x7fa5adc3fba0:'/Volumes/CodeSpace/tutorials/apple-signin-project/platforms/ios/build/Debug-iphoneos/applesigninproject.xcarchive/Products/Applications/applesigninproject.app/Frameworks/TNSWidgets.framework'>', codeSigningInfo='<_DVTCodeSigningInformation_Path: 0x7fa5adc53bc0; isSigned='1', isAdHocSigned='0', signingCertificate='<DVTSigningCertificate: 0x7fa5bde141e0; name='Apple Development: Tran Thanh Phong (U5ZZMDG3N8)', hash='3FCAEC832079F9D9CB8437279CABAD19FC2AE026', serialNumber='71499EA05903982D', certificateKinds='(
    "1.2.840.113635.100.6.1.12",
    "1.2.840.113635.100.6.1.2"
), issueDate='2019-09-30 15:15:25 +0000''>', entitlements='(null)', teamID='S98AN9584M', identifier='org.nativescript.TNSWidgets', executablePath='<DVTFilePath:0x7fa5adc431c0:'/Volumes/CodeSpace/tutorials/apple-signin-project/platforms/ios/build/Debug-iphoneos/applesigninproject.xcarchive/Products/Applications/applesigninproject.app/Frameworks/TNSWidgets.framework/TNSWidgets'>', hardenedRuntime='0'>'> to: /var/folders/g5/rm3vdk3n42x6pd5zrkcg9bf40000gn/T/XcodeDistPipeline.~~~Uqhn9H/entitlements~~~qavMEd
2019-12-23 10:18:04 +0000 [MT] Running /usr/bin/codesign '-vvv' '--force' '--sign' '3FCAEC832079F9D9CB8437279CABAD19FC2AE026' '--entitlements' '/var/folders/g5/rm3vdk3n42x6pd5zrkcg9bf40000gn/T/XcodeDistPipeline.~~~Uqhn9H/entitlements~~~qavMEd' '--preserve-metadata=identifier,flags,runtime' '/var/folders/g5/rm3vdk3n42x6pd5zrkcg9bf40000gn/T/XcodeDistPipeline.~~~Uqhn9H/Root/Payload/applesigninproject.app/Frameworks/TNSWidgets.framework'
2019-12-23 10:18:04 +0000  /var/folders/g5/rm3vdk3n42x6pd5zrkcg9bf40000gn/T/XcodeDistPipeline.~~~Uqhn9H/Root/Payload/applesigninproject.app/Frameworks/TNSWidgets.framework: signed bundle with Mach-O universal (armv7 arm64) [org.nativescript.TNSWidgets]
2019-12-23 10:18:04 +0000 [MT] /usr/bin/codesign exited with 0
2019-12-23 10:18:04 +0000 [MT] Entitlements for <IDEDistributionItem: 0x7fa5bdce6ee0; bundleID='org.nativescript.applesigninproject', path='<DVTFilePath:0x7fa5ddef8a40:'/Volumes/CodeSpace/tutorials/apple-signin-project/platforms/ios/build/Debug-iphoneos/applesigninproject.xcarchive/Products/Applications/applesigninproject.app'>', codeSigningInfo='<_DVTCodeSigningInformation_Path: 0x7fa5adc5c2e0; isSigned='1', isAdHocSigned='0', signingCertificate='<DVTSigningCertificate: 0x7fa5add0c930; name='Apple Development: Tran Thanh Phong (U5ZZMDG3N8)', hash='3FCAEC832079F9D9CB8437279CABAD19FC2AE026', serialNumber='71499EA05903982D', certificateKinds='(
    "1.2.840.113635.100.6.1.12",
    "1.2.840.113635.100.6.1.2"
), issueDate='2019-09-30 15:15:25 +0000''>', entitlements='{
    "application-identifier" = "S98AN9584M.org.nativescript.applesigninproject";
    "com.apple.developer.applesignin" =     (
        Default
    );
    "com.apple.developer.team-identifier" = S98AN9584M;
    "get-task-allow" = 1;
}', teamID='S98AN9584M', identifier='org.nativescript.applesigninproject', executablePath='<DVTFilePath:0x7fa5add03fc0:'/Volumes/CodeSpace/tutorials/apple-signin-project/platforms/ios/build/Debug-iphoneos/applesigninproject.xcarchive/Products/Applications/applesigninproject.app/applesigninproject'>', hardenedRuntime='0'>'>: {
    "application-identifier" = "S98AN9584M.org.nativescript.applesigninproject";
    "com.apple.developer.applesignin" =     (
        Default
    );
    "com.apple.developer.team-identifier" = S98AN9584M;
    "get-task-allow" = 1;
}
2019-12-23 10:18:04 +0000 [MT] Writing entitlements for <IDEDistributionItem: 0x7fa5bdce6ee0; bundleID='org.nativescript.applesigninproject', path='<DVTFilePath:0x7fa5ddef8a40:'/Volumes/CodeSpace/tutorials/apple-signin-project/platforms/ios/build/Debug-iphoneos/applesigninproject.xcarchive/Products/Applications/applesigninproject.app'>', codeSigningInfo='<_DVTCodeSigningInformation_Path: 0x7fa5adc5c2e0; isSigned='1', isAdHocSigned='0', signingCertificate='<DVTSigningCertificate: 0x7fa5adcb0170; name='Apple Development: Tran Thanh Phong (U5ZZMDG3N8)', hash='3FCAEC832079F9D9CB8437279CABAD19FC2AE026', serialNumber='71499EA05903982D', certificateKinds='(
    "1.2.840.113635.100.6.1.12",
    "1.2.840.113635.100.6.1.2"
), issueDate='2019-09-30 15:15:25 +0000''>', entitlements='{
    "application-identifier" = "S98AN9584M.org.nativescript.applesigninproject";
    "com.apple.developer.applesignin" =     (
        Default
    );
    "com.apple.developer.team-identifier" = S98AN9584M;
    "get-task-allow" = 1;
}', teamID='S98AN9584M', identifier='org.nativescript.applesigninproject', executablePath='<DVTFilePath:0x7fa5add03fc0:'/Volumes/CodeSpace/tutorials/apple-signin-project/platforms/ios/build/Debug-iphoneos/applesigninproject.xcarchive/Products/Applications/applesigninproject.app/applesigninproject'>', hardenedRuntime='0'>'> to: /var/folders/g5/rm3vdk3n42x6pd5zrkcg9bf40000gn/T/XcodeDistPipeline.~~~Uqhn9H/entitlements~~~LEyKH7
2019-12-23 10:18:04 +0000 [MT] Running /usr/bin/codesign '-vvv' '--force' '--sign' '3FCAEC832079F9D9CB8437279CABAD19FC2AE026' '--entitlements' '/var/folders/g5/rm3vdk3n42x6pd5zrkcg9bf40000gn/T/XcodeDistPipeline.~~~Uqhn9H/entitlements~~~LEyKH7' '--preserve-metadata=identifier,flags,runtime' '/var/folders/g5/rm3vdk3n42x6pd5zrkcg9bf40000gn/T/XcodeDistPipeline.~~~Uqhn9H/Root/Payload/applesigninproject.app'
2019-12-23 10:18:04 +0000  /var/folders/g5/rm3vdk3n42x6pd5zrkcg9bf40000gn/T/XcodeDistPipeline.~~~Uqhn9H/Root/Payload/applesigninproject.app: replacing existing signature
2019-12-23 10:18:04 +0000  /var/folders/g5/rm3vdk3n42x6pd5zrkcg9bf40000gn/T/XcodeDistPipeline.~~~Uqhn9H/Root/Payload/applesigninproject.app: signed app bundle with Mach-O universal (armv7 arm64) [org.nativescript.applesigninproject]
2019-12-23 10:18:04 +0000 [MT] /usr/bin/codesign exited with 0
2019-12-23 10:18:04 +0000 [MT] Processing step: IDEDistributionZipODRItemStep
2019-12-23 10:18:04 +0000 [MT] Skipping step: IDEDistributionZipODRItemStep because it said so
2019-12-23 10:18:04 +0000 [MT] Skipping step: IDEDistributionZipODRItemStep because it said so
2019-12-23 10:18:04 +0000 [MT] Skipping step: IDEDistributionZipODRItemStep because it said so
2019-12-23 10:18:04 +0000 [MT] Skipping step: IDEDistributionZipODRItemStep because it said so
2019-12-23 10:18:04 +0000 [MT] Skipping step: IDEDistributionZipODRItemStep because it said so
2019-12-23 10:18:04 +0000 [MT] Processing step: IDEDistributionCreateIPAStep
2019-12-23 10:18:04 +0000 [MT] Running /usr/bin/ditto '-V' '-c' '-k' '--norsrc' '/var/folders/g5/rm3vdk3n42x6pd5zrkcg9bf40000gn/T/XcodeDistPipeline.~~~Uqhn9H/Root' '/var/folders/g5/rm3vdk3n42x6pd5zrkcg9bf40000gn/T/XcodeDistPipeline.~~~Uqhn9H/Packages/applesigninproject.ipa'
2019-12-23 10:18:04 +0000  >>> Copying /var/folders/g5/rm3vdk3n42x6pd5zrkcg9bf40000gn/T/XcodeDistPipeline.~~~Uqhn9H/Root 
2019-12-23 10:18:04 +0000  copying file ./Payload/applesigninproject.app/_CodeSignature/CodeResources ... 
2019-12-23 10:18:04 +0000  57462 bytes for ./Payload/applesigninproject.app/_CodeSignature/CodeResources
copying file ./Payload/applesigninproject.app/LaunchImage-1100-Portrait-2436h@3x.png ... 
2019-12-23 10:18:04 +0000  176595 bytes for ./Payload/applesigninproject.app/LaunchImage-1100-Portrait-2436h@3x.png
copying file ./Payload/applesigninproject.app/LaunchImage@2x.png ... 
2019-12-23 10:18:04 +0000  73597 bytes for ./Payload/applesigninproject.app/LaunchImage@2x.png
2019-12-23 10:18:04 +0000  copying file ./Payload/applesigninproject.app/en.lproj/InfoPlist.strings ... 
42 bytes for ./Payload/applesigninproject.app/en.lproj/InfoPlist.strings
copying file ./Payload/applesigninproject.app/nsld.sh ... 
2019-12-23 10:18:04 +0000  1571 bytes for ./Payload/applesigninproject.app/nsld.sh
copying file ./Payload/applesigninproject.app/app/runtime.js ... 
2019-12-23 10:18:04 +0000  73409 bytes for ./Payload/applesigninproject.app/app/runtime.js
copying file ./Payload/applesigninproject.app/app/bundle.js ... 
2019-12-23 10:18:04 +0000  362582 bytes for ./Payload/applesigninproject.app/app/bundle.js
copying file ./Payload/applesigninproject.app/app/vendor.js ... 
2019-12-23 10:18:04 +0000  16090696 bytes for ./Payload/applesigninproject.app/app/vendor.js
copying file ./Payload/applesigninproject.app/app/package.json ... 
2019-12-23 10:18:04 +0000  112 bytes for ./Payload/applesigninproject.app/app/package.json
copying file ./Payload/applesigninproject.app/app/tns_modules/tns-core-modules/inspector_modules.js ... 
698 bytes for ./Payload/applesigninproject.app/app/tns_modules/tns-core-modules/inspector_modules.js
copying file ./Payload/applesigninproject.app/AppIcon29x29.png ... 
2019-12-23 10:18:04 +0000  1753 bytes for ./Payload/applesigninproject.app/AppIcon29x29.png
copying file ./Payload/applesigninproject.app/build.xcconfig ... 
616 bytes for ./Payload/applesigninproject.app/build.xcconfig
copying file ./Payload/applesigninproject.app/LaunchImage-568h@2x.png ... 
2019-12-23 10:18:04 +0000  74192 bytes for ./Payload/applesigninproject.app/LaunchImage-568h@2x.png
copying file ./Payload/applesigninproject.app/AppIcon60x60@2x.png ... 
2019-12-23 10:18:04 +0000  14039 bytes for ./Payload/applesigninproject.app/AppIcon60x60@2x.png
copying file ./Payload/applesigninproject.app/AppIcon29x29@2x.png ... 
2019-12-23 10:18:04 +0000  4772 bytes for ./Payload/applesigninproject.app/AppIcon29x29@2x.png
copying file ./Payload/applesigninproject.app/LaunchImage-1100-Landscape-2436h@3x.png ... 
2019-12-23 10:18:04 +0000  189896 bytes for ./Payload/applesigninproject.app/LaunchImage-1100-Landscape-2436h@3x.png
copying file ./Payload/applesigninproject.app/LaunchImage-800-667h@2x.png ... 
2019-12-23 10:18:04 +0000  132911 bytes for ./Payload/applesigninproject.app/LaunchImage-800-667h@2x.png
copying file ./Payload/applesigninproject.app/LaunchImage-Portrait@2x~ipad.png ... 
2019-12-23 10:18:04 +0000  224640 bytes for ./Payload/applesigninproject.app/LaunchImage-Portrait@2x~ipad.png
copying file ./Payload/applesigninproject.app/AppIcon40x40@3x.png ... 
2019-12-23 10:18:04 +0000  14039 bytes for ./Payload/applesigninproject.app/AppIcon40x40@3x.png
copying file ./Payload/applesigninproject.app/AppIcon29x29~ipad.png ... 
2019-12-23 10:18:04 +0000  1753 bytes for ./Payload/applesigninproject.app/AppIcon29x29~ipad.png
copying file ./Payload/applesigninproject.app/AppIcon40x40@2x.png ... 
2019-12-23 10:18:04 +0000  7638 bytes for ./Payload/applesigninproject.app/AppIcon40x40@2x.png
copying file ./Payload/applesigninproject.app/LaunchImage-Portrait~ipad.png ... 
2019-12-23 10:18:04 +0000  73522 bytes for ./Payload/applesigninproject.app/LaunchImage-Portrait~ipad.png
copying file ./Payload/applesigninproject.app/AppIcon29x29@3x.png ... 
2019-12-23 10:18:04 +0000  9019 bytes for ./Payload/applesigninproject.app/AppIcon29x29@3x.png
2019-12-23 10:18:04 +0000  copying file ./Payload/applesigninproject.app/AppIcon60x60@3x.png ... 
2019-12-23 10:18:04 +0000  28921 bytes for ./Payload/applesigninproject.app/AppIcon60x60@3x.png
copying file ./Payload/applesigninproject.app/LaunchImage-Landscape~ipad.png ... 
2019-12-23 10:18:04 +0000  74959 bytes for ./Payload/applesigninproject.app/LaunchImage-Landscape~ipad.png
copying file ./Payload/applesigninproject.app/nativescript-pre-link ... 
2019-12-23 10:18:04 +0000  26 bytes for ./Payload/applesigninproject.app/nativescript-pre-link
copying file ./Payload/applesigninproject.app/LaunchImage-700-Portrait~ipad.png ... 
2019-12-23 10:18:04 +0000  73522 bytes for ./Payload/applesigninproject.app/LaunchImage-700-Portrait~ipad.png
copying file ./Payload/applesigninproject.app/Assets.car ... 
2019-12-23 10:18:04 +0000  961056 bytes for ./Payload/applesigninproject.app/Assets.car
copying file ./Payload/applesigninproject.app/AppIcon40x40@2x~ipad.png ... 
2019-12-23 10:18:04 +0000  7638 bytes for ./Payload/applesigninproject.app/AppIcon40x40@2x~ipad.png
copying file ./Payload/applesigninproject.app/AppIcon76x76@2x~ipad.png ... 
2019-12-23 10:18:04 +0000  20667 bytes for ./Payload/applesigninproject.app/AppIcon76x76@2x~ipad.png
copying file ./Payload/applesigninproject.app/LaunchImage-800-Portrait-736h@3x.png ... 
2019-12-23 10:18:04 +0000  222160 bytes for ./Payload/applesigninproject.app/LaunchImage-800-Portrait-736h@3x.png
copying file ./Payload/applesigninproject.app/nativescript-pre-build ... 
2019-12-23 10:18:04 +0000  203 bytes for ./Payload/applesigninproject.app/nativescript-pre-build
copying file ./Payload/applesigninproject.app/nativescript-post-build ... 
421 bytes for ./Payload/applesigninproject.app/nativescript-post-build
copying file ./Payload/applesigninproject.app/LaunchImage-700@2x.png ... 
2019-12-23 10:18:04 +0000  73597 bytes for ./Payload/applesigninproject.app/LaunchImage-700@2x.png
copying file ./Payload/applesigninproject.app/AppIcon83.5x83.5@2x~ipad.png ... 
2019-12-23 10:18:04 +0000  25084 bytes for ./Payload/applesigninproject.app/AppIcon83.5x83.5@2x~ipad.png
copying file ./Payload/applesigninproject.app/LaunchImage-700-568h@2x.png ... 
2019-12-23 10:18:04 +0000  74192 bytes for ./Payload/applesigninproject.app/LaunchImage-700-568h@2x.png
copying file ./Payload/applesigninproject.app/LaunchImage-Landscape@2x~ipad.png ... 
2019-12-23 10:18:04 +0000  236206 bytes for ./Payload/applesigninproject.app/LaunchImage-Landscape@2x~ipad.png
2019-12-23 10:18:04 +0000  copying file ./Payload/applesigninproject.app/LaunchScreen.storyboardc/01J-lp-oVM-view-Ze5-6b-2t3.nib/objects-13.0+.nib ... 
2019-12-23 10:18:04 +0000  2656 bytes for ./Payload/applesigninproject.app/LaunchScreen.storyboardc/01J-lp-oVM-view-Ze5-6b-2t3.nib/objects-13.0+.nib
copying file ./Payload/applesigninproject.app/LaunchScreen.storyboardc/01J-lp-oVM-view-Ze5-6b-2t3.nib/runtime.nib ... 
2019-12-23 10:18:04 +0000  2656 bytes for ./Payload/applesigninproject.app/LaunchScreen.storyboardc/01J-lp-oVM-view-Ze5-6b-2t3.nib/runtime.nib
copying file ./Payload/applesigninproject.app/LaunchScreen.storyboardc/UIViewController-01J-lp-oVM.nib/objects-13.0+.nib ... 
2019-12-23 10:18:04 +0000  896 bytes for ./Payload/applesigninproject.app/LaunchScreen.storyboardc/UIViewController-01J-lp-oVM.nib/objects-13.0+.nib
copying file ./Payload/applesigninproject.app/LaunchScreen.storyboardc/UIViewController-01J-lp-oVM.nib/runtime.nib ... 
2019-12-23 10:18:04 +0000  896 bytes for ./Payload/applesigninproject.app/LaunchScreen.storyboardc/UIViewController-01J-lp-oVM.nib/runtime.nib
copying file ./Payload/applesigninproject.app/LaunchScreen.storyboardc/Info.plist ... 
258 bytes for ./Payload/applesigninproject.app/LaunchScreen.storyboardc/Info.plist
copying file ./Payload/applesigninproject.app/applesigninproject.entitlements ... 
2019-12-23 10:18:04 +0000  91 bytes for ./Payload/applesigninproject.app/applesigninproject.entitlements
copying file ./Payload/applesigninproject.app/AppIcon29x29@2x~ipad.png ... 
2019-12-23 10:18:04 +0000  4772 bytes for ./Payload/applesigninproject.app/AppIcon29x29@2x~ipad.png
copying file ./Payload/applesigninproject.app/LaunchImage-700-Landscape@2x~ipad.png ... 
2019-12-23 10:18:04 +0000  236206 bytes for ./Payload/applesigninproject.app/LaunchImage-700-Landscape@2x~ipad.png
copying file ./Payload/applesigninproject.app/AppIcon40x40~ipad.png ... 
2019-12-23 10:18:04 +0000  2689 bytes for ./Payload/applesigninproject.app/AppIcon40x40~ipad.png
2019-12-23 10:18:04 +0000  copying file ./Payload/applesigninproject.app/Frameworks/NativeScript.framework/_CodeSignature/CodeResources ... 
2019-12-23 10:18:04 +0000  1798 bytes for ./Payload/applesigninproject.app/Frameworks/NativeScript.framework/_CodeSignature/CodeResources
copying file ./Payload/applesigninproject.app/Frameworks/NativeScript.framework/NativeScript ... 
2019-12-23 10:18:05 +0000  24280752 bytes for ./Payload/applesigninproject.app/Frameworks/NativeScript.framework/NativeScript
copying file ./Payload/applesigninproject.app/Frameworks/NativeScript.framework/Info.plist ... 
2019-12-23 10:18:05 +0000  761 bytes for ./Payload/applesigninproject.app/Frameworks/NativeScript.framework/Info.plist
copying file ./Payload/applesigninproject.app/Frameworks/MaterialComponents.framework/_CodeSignature/CodeResources ... 
29034 bytes for ./Payload/applesigninproject.app/Frameworks/MaterialComponents.framework/_CodeSignature/CodeResources
2019-12-23 10:18:05 +0000  copying file ./Payload/applesigninproject.app/Frameworks/MaterialComponents.framework/MaterialTabs.bundle/Resources/de.lproj/MaterialTabs.strings ... 
2019-12-23 10:18:05 +0000  392 bytes for ./Payload/applesigninproject.app/Frameworks/MaterialComponents.framework/MaterialTabs.bundle/Resources/de.lproj/MaterialTabs.strings
2019-12-23 10:18:05 +0000  copying file ./Payload/applesigninproject.app/Frameworks/MaterialComponents.framework/MaterialTabs.bundle/Resources/he.lproj/MaterialTabs.strings ... 
399 bytes for ./Payload/applesigninproject.app/Frameworks/MaterialComponents.framework/MaterialTabs.bundle/Resources/he.lproj/MaterialTabs.strings
copying file ./Payload/applesigninproject.app/Frameworks/MaterialComponents.framework/MaterialTabs.bundle/Resources/en_AU.lproj/MaterialTabs.strings ... 
2019-12-23 10:18:05 +0000  380 bytes for ./Payload/applesigninproject.app/Frameworks/MaterialComponents.framework/MaterialTabs.bundle/Resources/en_AU.lproj/MaterialTabs.strings
copying file ./Payload/applesigninproject.app/Frameworks/MaterialComponents.framework/MaterialTabs.bundle/Resources/ar.lproj/MaterialTabs.strings ... 
2019-12-23 10:18:05 +0000  406 bytes for ./Payload/applesigninproject.app/Frameworks/MaterialComponents.framework/MaterialTabs.bundle/Resources/ar.lproj/MaterialTabs.strings
copying file ./Payload/applesigninproject.app/Frameworks/MaterialComponents.framework/MaterialTabs.bundle/Resources/el.lproj/MaterialTabs.strings ... 
395 bytes for ./Payload/applesigninproject.app/Frameworks/MaterialComponents.framework/MaterialTabs.bundle/Resources/el.lproj/MaterialTabs.strings
2019-12-23 10:18:05 +0000  copying file ./Payload/applesigninproject.app/Frameworks/MaterialComponents.framework/MaterialTabs.bundle/Resources/ja.lproj/MaterialTabs.strings ... 
380 bytes for ./Payload/applesigninproject.app/Frameworks/MaterialComponents.framework/MaterialTabs.bundle/Resources/ja.lproj/MaterialTabs.strings
2019-12-23 10:18:05 +0000  copying file ./Payload/applesigninproject.app/Frameworks/MaterialComponents.framework/MaterialTabs.bundle/Resources/fa.lproj/MaterialTabs.strings ... 
387 bytes for ./Payload/applesigninproject.app/Frameworks/MaterialComponents.framework/MaterialTabs.bundle/Resources/fa.lproj/MaterialTabs.strings
2019-12-23 10:18:05 +0000  copying file ./Payload/applesigninproject.app/Frameworks/MaterialComponents.framework/MaterialTabs.bundle/Resources/iw.lproj/MaterialTabs.strings ... 
399 bytes for ./Payload/applesigninproject.app/Frameworks/MaterialComponents.framework/MaterialTabs.bundle/Resources/iw.lproj/MaterialTabs.strings
copying file ./Payload/applesigninproject.app/Frameworks/MaterialComponents.framework/MaterialTabs.bundle/Resources/sq.lproj/MaterialTabs.strings ... 
2019-12-23 10:18:05 +0000  384 bytes for ./Payload/applesigninproject.app/Frameworks/MaterialComponents.framework/MaterialTabs.bundle/Resources/sq.lproj/MaterialTabs.strings
copying file ./Payload/applesigninproject.app/Frameworks/MaterialComponents.framework/MaterialTabs.bundle/Resources/en.lproj/MaterialTabs.strings ... 
2019-12-23 10:18:05 +0000  380 bytes for ./Payload/applesigninproject.app/Frameworks/MaterialComponents.framework/MaterialTabs.bundle/Resources/en.lproj/MaterialTabs.strings
copying file ./Payload/applesigninproject.app/Frameworks/MaterialComponents.framework/MaterialTabs.bundle/Resources/uk.lproj/MaterialTabs.strings ... 
391 bytes for ./Payload/applesigninproject.app/Frameworks/MaterialComponents.framework/MaterialTabs.bundle/Resources/uk.lproj/MaterialTabs.strings
2019-12-23 10:18:05 +0000  copying file ./Payload/applesigninproject.app/Frameworks/MaterialComponents.framework/MaterialTabs.bundle/Resources/es_419.lproj/MaterialTabs.strings ... 
387 bytes for ./Payload/applesigninproject.app/Frameworks/MaterialComponents.framework/MaterialTabs.bundle/Resources/es_419.lproj/MaterialTabs.strings
2019-12-23 10:18:05 +0000  copying file ./Payload/applesigninproject.app/Frameworks/MaterialComponents.framework/MaterialTabs.bundle/Resources/es_MX.lproj/MaterialTabs.strings ... 
387 bytes for ./Payload/applesigninproject.app/Frameworks/MaterialComponents.framework/MaterialTabs.bundle/Resources/es_MX.lproj/MaterialTabs.strings
copying file ./Payload/applesigninproject.app/Frameworks/MaterialComponents.framework/MaterialTabs.bundle/Resources/zh_CN.lproj/MaterialTabs.strings ... 
2019-12-23 10:18:05 +0000  398 bytes for ./Payload/applesigninproject.app/Frameworks/MaterialComponents.framework/MaterialTabs.bundle/Resources/zh_CN.lproj/MaterialTabs.strings
copying file ./Payload/applesigninproject.app/Frameworks/MaterialComponents.framework/MaterialTabs.bundle/Resources/nb.lproj/MaterialTabs.strings ... 
2019-12-23 10:18:05 +0000  381 bytes for ./Payload/applesigninproject.app/Frameworks/MaterialComponents.framework/MaterialTabs.bundle/Resources/nb.lproj/MaterialTabs.strings
copying file ./Payload/applesigninproject.app/Frameworks/MaterialComponents.framework/MaterialTabs.bundle/Resources/es.lproj/MaterialTabs.strings ... 
2019-12-23 10:18:05 +0000  385 bytes for ./Payload/applesigninproject.app/Frameworks/MaterialComponents.framework/MaterialTabs.bundle/Resources/es.lproj/MaterialTabs.strings
copying file ./Payload/applesigninproject.app/Frameworks/MaterialComponents.framework/MaterialTabs.bundle/Resources/pt_BR.lproj/MaterialTabs.strings ... 
2019-12-23 10:18:05 +0000  381 bytes for ./Payload/applesigninproject.app/Frameworks/MaterialComponents.framework/MaterialTabs.bundle/Resources/pt_BR.lproj/MaterialTabs.strings
copying file ./Payload/applesigninproject.app/Frameworks/MaterialComponents.framework/MaterialTabs.bundle/Resources/da.lproj/MaterialTabs.strings ... 
2019-12-23 10:18:05 +0000  381 bytes for ./Payload/applesigninproject.app/Frameworks/MaterialComponents.framework/MaterialTabs.bundle/Resources/da.lproj/MaterialTabs.strings
copying file ./Payload/applesigninproject.app/Frameworks/MaterialComponents.framework/MaterialTabs.bundle/Resources/it.lproj/MaterialTabs.strings ... 
383 bytes for ./Payload/applesigninproject.app/Frameworks/MaterialComponents.framework/MaterialTabs.bundle/Resources/it.lproj/MaterialTabs.strings
2019-12-23 10:18:05 +0000  copying file ./Payload/applesigninproject.app/Frameworks/MaterialComponents.framework/MaterialTabs.bundle/Resources/bg.lproj/MaterialTabs.strings ... 
380 bytes for ./Payload/applesigninproject.app/Frameworks/MaterialComponents.framework/MaterialTabs.bundle/Resources/bg.lproj/MaterialTabs.strings
2019-12-23 10:18:05 +0000  copying file ./Payload/applesigninproject.app/Frameworks/MaterialComponents.framework/MaterialTabs.bundle/Resources/sk.lproj/MaterialTabs.strings ... 
382 bytes for ./Payload/applesigninproject.app/Frameworks/MaterialComponents.framework/MaterialTabs.bundle/Resources/sk.lproj/MaterialTabs.strings
2019-12-23 10:18:05 +0000  copying file ./Payload/applesigninproject.app/Frameworks/MaterialComponents.framework/MaterialTabs.bundle/Resources/kk.lproj/MaterialTabs.strings ... 
388 bytes for ./Payload/applesigninproject.app/Frameworks/MaterialComponents.framework/MaterialTabs.bundle/Resources/kk.lproj/MaterialTabs.strings
2019-12-23 10:18:05 +0000  copying file ./Payload/applesigninproject.app/Frameworks/MaterialComponents.framework/MaterialTabs.bundle/Resources/pt_PT.lproj/MaterialTabs.strings ... 
2019-12-23 10:18:05 +0000  386 bytes for ./Payload/applesigninproject.app/Frameworks/MaterialComponents.framework/MaterialTabs.bundle/Resources/pt_PT.lproj/MaterialTabs.strings
2019-12-23 10:18:05 +0000  copying file ./Payload/applesigninproject.app/Frameworks/MaterialComponents.framework/MaterialTabs.bundle/Resources/sr.lproj/MaterialTabs.strings ... 
2019-12-23 10:18:05 +0000  393 bytes for ./Payload/applesigninproject.app/Frameworks/MaterialComponents.framework/MaterialTabs.bundle/Resources/sr.lproj/MaterialTabs.strings
copying file ./Payload/applesigninproject.app/Frameworks/MaterialComponents.framework/MaterialTabs.bundle/Resources/ms.lproj/MaterialTabs.strings ... 
2019-12-23 10:18:05 +0000  386 bytes for ./Payload/applesigninproject.app/Frameworks/MaterialComponents.framework/MaterialTabs.bundle/Resources/ms.lproj/MaterialTabs.strings
2019-12-23 10:18:05 +0000  copying file ./Payload/applesigninproject.app/Frameworks/MaterialComponents.framework/MaterialTabs.bundle/Resources/sv.lproj/MaterialTabs.strings ... 
381 bytes for ./Payload/applesigninproject.app/Frameworks/MaterialComponents.framework/MaterialTabs.bundle/Resources/sv.lproj/MaterialTabs.strings
2019-12-23 10:18:05 +0000  copying file ./Payload/applesigninproject.app/Frameworks/MaterialComponents.framework/MaterialTabs.bundle/Resources/cs.lproj/MaterialTabs.strings ... 
2019-12-23 10:18:05 +0000  382 bytes for ./Payload/applesigninproject.app/Frameworks/MaterialComponents.framework/MaterialTabs.bundle/Resources/cs.lproj/MaterialTabs.strings
copying file ./Payload/applesigninproject.app/Frameworks/MaterialComponents.framework/MaterialTabs.bundle/Resources/km.lproj/MaterialTabs.strings ... 
2019-12-23 10:18:05 +0000  393 bytes for ./Payload/applesigninproject.app/Frameworks/MaterialComponents.framework/MaterialTabs.bundle/Resources/km.lproj/MaterialTabs.strings
copying file ./Payload/applesigninproject.app/Frameworks/MaterialComponents.framework/MaterialTabs.bundle/Resources/en_IN.lproj/MaterialTabs.strings ... 
2019-12-23 10:18:05 +0000  380 bytes for ./Payload/applesigninproject.app/Frameworks/MaterialComponents.framework/MaterialTabs.bundle/Resources/en_IN.lproj/MaterialTabs.strings
2019-12-23 10:18:05 +0000  copying file ./Payload/applesigninproject.app/Frameworks/MaterialComponents.framework/MaterialTabs.bundle/Resources/ko.lproj/MaterialTabs.strings ... 
2019-12-23 10:18:05 +0000  390 bytes for ./Payload/applesigninproject.app/Frameworks/MaterialComponents.framework/MaterialTabs.bundle/Resources/ko.lproj/MaterialTabs.strings
copying file ./Payload/applesigninproject.app/Frameworks/MaterialComponents.framework/MaterialTabs.bundle/Resources/hy.lproj/MaterialTabs.strings ... 
2019-12-23 10:18:05 +0000  396 bytes for ./Payload/applesigninproject.app/Frameworks/MaterialComponents.framework/MaterialTabs.bundle/Resources/hy.lproj/MaterialTabs.strings
copying file ./Payload/applesigninproject.app/Frameworks/MaterialComponents.framework/MaterialTabs.bundle/Resources/mn.lproj/MaterialTabs.strings ... 
2019-12-23 10:18:05 +0000  402 bytes for ./Payload/applesigninproject.app/Frameworks/MaterialComponents.framework/MaterialTabs.bundle/Resources/mn.lproj/MaterialTabs.strings
2019-12-23 10:18:05 +0000  copying file ./Payload/applesigninproject.app/Frameworks/MaterialComponents.framework/MaterialTabs.bundle/Resources/no.lproj/MaterialTabs.strings ... 
2019-12-23 10:18:05 +0000  381 bytes for ./Payload/applesigninproject.app/Frameworks/MaterialComponents.framework/MaterialTabs.bundle/Resources/no.lproj/MaterialTabs.strings
copying file ./Payload/applesigninproject.app/Frameworks/MaterialComponents.framework/MaterialTabs.bundle/Resources/hu.lproj/MaterialTabs.strings ... 
2019-12-23 10:18:05 +0000  381 bytes for ./Payload/applesigninproject.app/Frameworks/MaterialComponents.framework/MaterialTabs.bundle/Resources/hu.lproj/MaterialTabs.strings
2019-12-23 10:18:05 +0000  copying file ./Payload/applesigninproject.app/Frameworks/MaterialComponents.framework/MaterialTabs.bundle/Resources/zh_HK.lproj/MaterialTabs.strings ... 
398 bytes for ./Payload/applesigninproject.app/Frameworks/MaterialComponents.framework/MaterialTabs.bundle/Resources/zh_HK.lproj/MaterialTabs.strings
2019-12-23 10:18:05 +0000  copying file ./Payload/applesigninproject.app/Frameworks/MaterialComponents.framework/MaterialTabs.bundle/Resources/ka.lproj/MaterialTabs.strings ... 
2019-12-23 10:18:05 +0000  407 bytes for ./Payload/applesigninproject.app/Frameworks/MaterialComponents.framework/MaterialTabs.bundle/Resources/ka.lproj/MaterialTabs.strings
copying file ./Payload/applesigninproject.app/Frameworks/MaterialComponents.framework/MaterialTabs.bundle/Resources/tr.lproj/MaterialTabs.strings ... 
2019-12-23 10:18:05 +0000  379 bytes for ./Payload/applesigninproject.app/Frameworks/MaterialComponents.framework/MaterialTabs.bundle/Resources/tr.lproj/MaterialTabs.strings
2019-12-23 10:18:05 +0000  copying file ./Payload/applesigninproject.app/Frameworks/MaterialComponents.framework/MaterialTabs.bundle/Resources/pl.lproj/MaterialTabs.strings ... 
381 bytes for ./Payload/applesigninproject.app/Frameworks/MaterialComponents.framework/MaterialTabs.bundle/Resources/pl.lproj/MaterialTabs.strings
2019-12-23 10:18:05 +0000  copying file ./Payload/applesigninproject.app/Frameworks/MaterialComponents.framework/MaterialTabs.bundle/Resources/zh_TW.lproj/MaterialTabs.strings ... 
2019-12-23 10:18:05 +0000  398 bytes for ./Payload/applesigninproject.app/Frameworks/MaterialComponents.framework/MaterialTabs.bundle/Resources/zh_TW.lproj/MaterialTabs.strings
copying file ./Payload/applesigninproject.app/Frameworks/MaterialComponents.framework/MaterialTabs.bundle/Resources/en_GB.lproj/MaterialTabs.strings ... 
2019-12-23 10:18:05 +0000  380 bytes for ./Payload/applesigninproject.app/Frameworks/MaterialComponents.framework/MaterialTabs.bundle/Resources/en_GB.lproj/MaterialTabs.strings
2019-12-23 10:18:05 +0000  copying file ./Payload/applesigninproject.app/Frameworks/MaterialComponents.framework/MaterialTabs.bundle/Resources/vi.lproj/MaterialTabs.strings ... 
2019-12-23 10:18:05 +0000  383 bytes for ./Payload/applesigninproject.app/Frameworks/MaterialComponents.framework/MaterialTabs.bundle/Resources/vi.lproj/MaterialTabs.strings
copying file ./Payload/applesigninproject.app/Frameworks/MaterialComponents.framework/MaterialTabs.bundle/Resources/lv.lproj/MaterialTabs.strings ... 
2019-12-23 10:18:05 +0000  380 bytes for ./Payload/applesigninproject.app/Frameworks/MaterialComponents.framework/MaterialTabs.bundle/Resources/lv.lproj/MaterialTabs.strings
2019-12-23 10:18:05 +0000  copying file ./Payload/applesigninproject.app/Frameworks/MaterialComponents.framework/MaterialTabs.bundle/Resources/lo.lproj/MaterialTabs.strings ... 
2019-12-23 10:18:05 +0000  405 bytes for ./Payload/applesigninproject.app/Frameworks/MaterialComponents.framework/MaterialTabs.bundle/Resources/lo.lproj/MaterialTabs.strings
copying file ./Payload/applesigninproject.app/Frameworks/MaterialComponents.framework/MaterialTabs.bundle/Resources/lt.lproj/MaterialTabs.strings ... 
2019-12-23 10:18:05 +0000  387 bytes for ./Payload/applesigninproject.app/Frameworks/MaterialComponents.framework/MaterialTabs.bundle/Resources/lt.lproj/MaterialTabs.strings
copying file ./Payload/applesigninproject.app/Frameworks/MaterialComponents.framework/MaterialTabs.bundle/Resources/ru.lproj/MaterialTabs.strings ... 
2019-12-23 10:18:05 +0000  393 bytes for ./Payload/applesigninproject.app/Frameworks/MaterialComponents.framework/MaterialTabs.bundle/Resources/ru.lproj/MaterialTabs.strings
2019-12-23 10:18:05 +0000  copying file ./Payload/applesigninproject.app/Frameworks/MaterialComponents.framework/MaterialTabs.bundle/Resources/fr_CA.lproj/MaterialTabs.strings ... 
383 bytes for ./Payload/applesigninproject.app/Frameworks/MaterialComponents.framework/MaterialTabs.bundle/Resources/fr_CA.lproj/MaterialTabs.strings
2019-12-23 10:18:05 +0000  copying file ./Payload/applesigninproject.app/Frameworks/MaterialComponents.framework/MaterialTabs.bundle/Resources/fr.lproj/MaterialTabs.strings ... 
2019-12-23 10:18:05 +0000  386 bytes for ./Payload/applesigninproject.app/Frameworks/MaterialComponents.framework/MaterialTabs.bundle/Resources/fr.lproj/MaterialTabs.strings
copying file ./Payload/applesigninproject.app/Frameworks/MaterialComponents.framework/MaterialTabs.bundle/Resources/fi.lproj/MaterialTabs.strings ... 
2019-12-23 10:18:05 +0000  384 bytes for ./Payload/applesigninproject.app/Frameworks/MaterialComponents.framework/MaterialTabs.bundle/Resources/fi.lproj/MaterialTabs.strings
copying file ./Payload/applesigninproject.app/Frameworks/MaterialComponents.framework/MaterialTabs.bundle/Resources/id.lproj/MaterialTabs.strings ... 
2019-12-23 10:18:05 +0000  382 bytes for ./Payload/applesigninproject.app/Frameworks/MaterialComponents.framework/MaterialTabs.bundle/Resources/id.lproj/MaterialTabs.strings
2019-12-23 10:18:05 +0000  copying file ./Payload/applesigninproject.app/Frameworks/MaterialComponents.framework/MaterialTabs.bundle/Resources/nl.lproj/MaterialTabs.strings ... 
385 bytes for ./Payload/applesigninproject.app/Frameworks/MaterialComponents.framework/MaterialTabs.bundle/Resources/nl.lproj/MaterialTabs.strings
2019-12-23 10:18:05 +0000  copying file ./Payload/applesigninproject.app/Frameworks/MaterialComponents.framework/MaterialTabs.bundle/Resources/th.lproj/MaterialTabs.strings ... 
396 bytes for ./Payload/applesigninproject.app/Frameworks/MaterialComponents.framework/MaterialTabs.bundle/Resources/th.lproj/MaterialTabs.strings
2019-12-23 10:18:05 +0000  copying file ./Payload/applesigninproject.app/Frameworks/MaterialComponents.framework/MaterialTabs.bundle/Resources/pt.lproj/MaterialTabs.strings ... 
2019-12-23 10:18:05 +0000  381 bytes for ./Payload/applesigninproject.app/Frameworks/MaterialComponents.framework/MaterialTabs.bundle/Resources/pt.lproj/MaterialTabs.strings
2019-12-23 10:18:05 +0000  copying file ./Payload/applesigninproject.app/Frameworks/MaterialComponents.framework/MaterialTabs.bundle/Resources/ro.lproj/MaterialTabs.strings ... 
383 bytes for ./Payload/applesigninproject.app/Frameworks/MaterialComponents.framework/MaterialTabs.bundle/Resources/ro.lproj/MaterialTabs.strings
2019-12-23 10:18:05 +0000  copying file ./Payload/applesigninproject.app/Frameworks/MaterialComponents.framework/MaterialTabs.bundle/Resources/hr.lproj/MaterialTabs.strings ... 
2019-12-23 10:18:05 +0000  384 bytes for ./Payload/applesigninproject.app/Frameworks/MaterialComponents.framework/MaterialTabs.bundle/Resources/hr.lproj/MaterialTabs.strings
copying file ./Payload/applesigninproject.app/Frameworks/MaterialComponents.framework/MaterialTabs.bundle/Resources/hi.lproj/MaterialTabs.strings ... 
2019-12-23 10:18:05 +0000  400 bytes for ./Payload/applesigninproject.app/Frameworks/MaterialComponents.framework/MaterialTabs.bundle/Resources/hi.lproj/MaterialTabs.strings
2019-12-23 10:18:05 +0000  copying file ./Payload/applesigninproject.app/Frameworks/MaterialComponents.framework/MaterialTabs.bundle/Resources/ca.lproj/MaterialTabs.strings ... 
2019-12-23 10:18:05 +0000  382 bytes for ./Payload/applesigninproject.app/Frameworks/MaterialComponents.framework/MaterialTabs.bundle/Resources/ca.lproj/MaterialTabs.strings
copying file ./Payload/applesigninproject.app/Frameworks/MaterialComponents.framework/MaterialComponents ... 
2019-12-23 10:18:05 +0000  1387856 bytes for ./Payload/applesigninproject.app/Frameworks/MaterialComponents.framework/MaterialComponents
copying file ./Payload/applesigninproject.app/Frameworks/MaterialComponents.framework/Info.plist ... 
2019-12-23 10:18:05 +0000  760 bytes for ./Payload/applesigninproject.app/Frameworks/MaterialComponents.framework/Info.plist
copying file ./Payload/applesigninproject.app/Frameworks/TNSWidgets.framework/_CodeSignature/CodeResources ... 
2019-12-23 10:18:05 +0000  4248 bytes for ./Payload/applesigninproject.app/Frameworks/TNSWidgets.framework/_CodeSignature/CodeResources
copying file ./Payload/applesigninproject.app/Frameworks/TNSWidgets.framework/TNSWidgets ... 
2019-12-23 10:18:05 +0000  203376 bytes for ./Payload/applesigninproject.app/Frameworks/TNSWidgets.framework/TNSWidgets
2019-12-23 10:18:05 +0000  copying file ./Payload/applesigninproject.app/Frameworks/TNSWidgets.framework/Headers/NSData+Async.h ... 
497 bytes for ./Payload/applesigninproject.app/Frameworks/TNSWidgets.framework/Headers/NSData+Async.h
copying file ./Payload/applesigninproject.app/Frameworks/TNSWidgets.framework/Headers/UIImage+TNSBlocks.h ... 
2019-12-23 10:18:05 +0000  1049 bytes for ./Payload/applesigninproject.app/Frameworks/TNSWidgets.framework/Headers/UIImage+TNSBlocks.h
copying file ./Payload/applesigninproject.app/Frameworks/TNSWidgets.framework/Headers/TNSWidgets.h ... 
668 bytes for ./Payload/applesigninproject.app/Frameworks/TNSWidgets.framework/Headers/TNSWidgets.h
copying file ./Payload/applesigninproject.app/Frameworks/TNSWidgets.framework/Headers/TNSLabel.h ... 
2019-12-23 10:18:05 +0000  293 bytes for ./Payload/applesigninproject.app/Frameworks/TNSWidgets.framework/Headers/TNSLabel.h
copying file ./Payload/applesigninproject.app/Frameworks/TNSWidgets.framework/Headers/NSString+Async.h ... 
621 bytes for ./Payload/applesigninproject.app/Frameworks/TNSWidgets.framework/Headers/NSString+Async.h
copying file ./Payload/applesigninproject.app/Frameworks/TNSWidgets.framework/Headers/TNSProcess.h ... 
2019-12-23 10:18:05 +0000  800 bytes for ./Payload/applesigninproject.app/Frameworks/TNSWidgets.framework/Headers/TNSProcess.h
copying file ./Payload/applesigninproject.app/Frameworks/TNSWidgets.framework/Headers/UIView+PassThroughParent.h ... 
307 bytes for ./Payload/applesigninproject.app/Frameworks/TNSWidgets.framework/Headers/UIView+PassThroughParent.h
2019-12-23 10:18:05 +0000  copying file ./Payload/applesigninproject.app/Frameworks/TNSWidgets.framework/Modules/module.modulemap ... 
101 bytes for ./Payload/applesigninproject.app/Frameworks/TNSWidgets.framework/Modules/module.modulemap
copying file ./Payload/applesigninproject.app/Frameworks/TNSWidgets.framework/Info.plist ... 
2019-12-23 10:18:05 +0000  744 bytes for ./Payload/applesigninproject.app/Frameworks/TNSWidgets.framework/Info.plist
2019-12-23 10:18:05 +0000  copying file ./Payload/applesigninproject.app/Frameworks/MDFInternationalization.framework/_CodeSignature/CodeResources ... 
1798 bytes for ./Payload/applesigninproject.app/Frameworks/MDFInternationalization.framework/_CodeSignature/CodeResources
copying file ./Payload/applesigninproject.app/Frameworks/MDFInternationalization.framework/MDFInternationalization ... 
2019-12-23 10:18:05 +0000  261616 bytes for ./Payload/applesigninproject.app/Frameworks/MDFInternationalization.framework/MDFInternationalization
copying file ./Payload/applesigninproject.app/Frameworks/MDFInternationalization.framework/Info.plist ... 
2019-12-23 10:18:05 +0000  769 bytes for ./Payload/applesigninproject.app/Frameworks/MDFInternationalization.framework/Info.plist
copying file ./Payload/applesigninproject.app/LaunchImage.png ... 
2019-12-23 10:18:05 +0000  23376 bytes for ./Payload/applesigninproject.app/LaunchImage.png
copying file ./Payload/applesigninproject.app/strip-dynamic-framework-architectures.sh ... 
2019-12-23 10:18:05 +0000  2293 bytes for ./Payload/applesigninproject.app/strip-dynamic-framework-architectures.sh
copying file ./Payload/applesigninproject.app/embedded.mobileprovision ... 
2019-12-23 10:18:05 +0000  9810 bytes for ./Payload/applesigninproject.app/embedded.mobileprovision
2019-12-23 10:18:05 +0000  copying file ./Payload/applesigninproject.app/LaunchImage-800-Landscape-736h@3x.png ... 
2019-12-23 10:18:05 +0000  263012 bytes for ./Payload/applesigninproject.app/LaunchImage-800-Landscape-736h@3x.png
copying file ./Payload/applesigninproject.app/LaunchImage-700-Portrait@2x~ipad.png ... 
2019-12-23 10:18:05 +0000  224640 bytes for ./Payload/applesigninproject.app/LaunchImage-700-Portrait@2x~ipad.png
copying file ./Payload/applesigninproject.app/LaunchImage-700-Landscape~ipad.png ... 
2019-12-23 10:18:05 +0000  74959 bytes for ./Payload/applesigninproject.app/LaunchImage-700-Landscape~ipad.png
copying file ./Payload/applesigninproject.app/Info.plist ... 
2019-12-23 10:18:05 +0000  2223 bytes for ./Payload/applesigninproject.app/Info.plist
copying file ./Payload/applesigninproject.app/PkgInfo ... 
8 bytes for ./Payload/applesigninproject.app/PkgInfo
2019-12-23 10:18:05 +0000  copying file ./Payload/applesigninproject.app/applesigninproject ... 
2019-12-23 10:18:06 +0000  11833056 bytes for ./Payload/applesigninproject.app/applesigninproject
copying file ./Payload/applesigninproject.app/AppIcon76x76~ipad.png ... 
2019-12-23 10:18:06 +0000  7407 bytes for ./Payload/applesigninproject.app/AppIcon76x76~ipad.png
2019-12-23 10:18:06 +0000 [MT] /usr/bin/ditto exited with 0
2019-12-23 10:18:06 +0000 [MT] Processing step: IDEDistributionAppStoreInformationStep
2019-12-23 10:18:06 +0000 [MT] Skipping step: IDEDistributionAppStoreInformationStep because it said so
2019-12-23 10:18:06 +0000 [MT] Processing step: IDEDistributionGenerateProcessedDistributionItems
2019-12-23 10:18:06 +0000 [MT] Processing step: IDEDistributionCreateManifestStep
